2024-11-15 05:48:51,080 - CRITICAL - [in /home/erpfarm/workspace/farm-iot/app.py:184] Giá trị của uv7 đã thay đổi từ 0 thành 1 với status: start
2024-11-15 05:48:57,079 - CRITICAL - [in /home/erpfarm/workspace/farm-iot/app.py:184] Giá trị của uv7 đã thay đổi từ 0 thành 1 với status: start
2024-11-15 06:48:51,046 - CRITICAL - [in /home/erpfarm/workspace/farm-iot/app.py:184] Giá trị của uv7 đã thay đổi từ 1 thành 0 với status: end
2024-11-15 06:48:56,045 - CRITICAL - [in app.py:184] Giá trị của uv7 đã thay đổi từ 1 thành 0 với status: end
2024-11-15 07:01:14,993 - INFO - [in /home/erpfarm/workspace/farm-iot/app.py:47] Start: GF-CICO
2024-11-15 07:01:14,993 - INFO - [in /home/erpfarm/workspace/farm-iot/app.py:60] Danh sách các cơ sở dữ liệu:
2024-11-15 07:01:14,998 - INFO - [in /home/erpfarm/workspace/farm-iot/app.py:61] [{'name': '_internal'}, {'name': 'cico_iot'}]
2024-11-15 07:01:15,032 - INFO - [in app.py:47] Start: GF-CICO
2024-11-15 07:01:15,033 - INFO - [in app.py:60] Danh sách các cơ sở dữ liệu:
2024-11-15 07:01:15,035 - INFO - [in app.py:61] [{'name': '_internal'}, {'name': 'cico_iot'}]
2024-11-15 07:28:43,932 - ERROR - [in app.py:668] 181134ab4c24
2024-11-15 07:28:43,936 - ERROR - [in /home/erpfarm/workspace/farm-iot/data_processor.py:108]  
 Không tìm thấy thông tin cho ID: 181134ab4c24 -> uv3 -> start
2024-11-15 08:05:51,000 - CRITICAL - [in /home/erpfarm/workspace/farm-iot/app.py:184] Giá trị của uv3 đã thay đổi từ 0 thành 1 với status: start
2024-11-15 08:05:57,000 - CRITICAL - [in /home/erpfarm/workspace/farm-iot/app.py:184] Giá trị của uv3 đã thay đổi từ 0 thành 1 với status: start
2024-11-15 08:10:56,997 - CRITICAL - [in app.py:184] Giá trị của uv3 đã thay đổi từ 0 thành 1 với status: start
2024-11-15 08:11:00,604 - CRITICAL - [in /home/erpfarm/workspace/farm-iot/data_processor.py:86] 
 Dữ liệu process_data: {'mac_address': 'GF_TN4_CAMERA1', 'action_name': 'start', 'timer': '87'}
 Mã trạng thái HTTP server: 200, Phản hồi từ server: 200
2024-11-15 08:11:00,605 - CRITICAL - [in /home/erpfarm/workspace/farm-iot/data_processor.py:98] Đã cập nhật dữ liệu about: PLC_LOGO_1
2024-11-15 08:11:00,998 - CRITICAL - [in app.py:184] Giá trị của uv3 đã thay đổi từ 0 thành 1 với status: start
2024-11-15 08:11:02,279 - CRITICAL - [in /home/erpfarm/workspace/farm-iot/data_processor.py:86] 
 Dữ liệu process_data: {'mac_address': 'GF_TN4_CAMERA1', 'action_name': 'start', 'timer': '87'}
 Mã trạng thái HTTP server: 202, Phản hồi từ server: 202
2024-11-15 08:11:02,279 - ERROR - [in /home/erpfarm/workspace/farm-iot/data_processor.py:104] Lỗi từ server: 202
Response: 202
Payload: data
2024-11-15 08:15:32,818 - INFO - [in /home/erpfarm/workspace/farm-iot/app.py:47] Start: GF-CICO
2024-11-15 08:15:32,819 - INFO - [in /home/erpfarm/workspace/farm-iot/app.py:60] Danh sách các cơ sở dữ liệu:
2024-11-15 08:15:32,823 - INFO - [in /home/erpfarm/workspace/farm-iot/app.py:61] [{'name': '_internal'}, {'name': 'cico_iot'}]
2024-11-15 08:15:32,863 - INFO - [in app.py:47] Start: GF-CICO
2024-11-15 08:15:32,864 - INFO - [in app.py:60] Danh sách các cơ sở dữ liệu:
2024-11-15 08:15:32,868 - INFO - [in app.py:61] [{'name': '_internal'}, {'name': 'cico_iot'}]
2024-11-15 08:15:33,330 - INFO - [in /home/erpfarm/workspace/farm-iot/app.py:47] Start: GF-CICO
2024-11-15 08:15:33,330 - INFO - [in /home/erpfarm/workspace/farm-iot/app.py:60] Danh sách các cơ sở dữ liệu:
2024-11-15 08:15:33,334 - INFO - [in /home/erpfarm/workspace/farm-iot/app.py:61] [{'name': '_internal'}, {'name': 'cico_iot'}]
2024-11-15 08:15:33,382 - INFO - [in /home/erpfarm/workspace/farm-iot/app.py:47] Start: GF-CICO
2024-11-15 08:15:33,383 - INFO - [in /home/erpfarm/workspace/farm-iot/app.py:60] Danh sách các cơ sở dữ liệu:
2024-11-15 08:15:33,386 - INFO - [in /home/erpfarm/workspace/farm-iot/app.py:61] [{'name': '_internal'}, {'name': 'cico_iot'}]
2024-11-15 08:17:44,994 - CRITICAL - [in /home/erpfarm/workspace/farm-iot/app.py:184] Giá trị của uv6 đã thay đổi từ 0 thành 1 với status: start
2024-11-15 08:17:44,994 - CRITICAL - [in /home/erpfarm/workspace/farm-iot/app.py:195] {'idchip': 'PLC_LOGO_1', 'ip': None, 'version': None, 'name': 'uv6', 'status': 'start'}
2024-11-15 08:17:45,994 - CRITICAL - [in /home/erpfarm/workspace/farm-iot/app.py:184] Giá trị của uv5 đã thay đổi từ 0 thành 1 với status: start
2024-11-15 08:17:45,995 - CRITICAL - [in /home/erpfarm/workspace/farm-iot/app.py:195] {'idchip': 'PLC_LOGO_1', 'ip': None, 'version': None, 'name': 'uv5', 'status': 'start'}
2024-11-15 08:17:50,146 - CRITICAL - [in /home/erpfarm/workspace/farm-iot/app.py:184] Giá trị của uv6 đã thay đổi từ 0 thành 1 với status: start
2024-11-15 08:17:50,146 - CRITICAL - [in /home/erpfarm/workspace/farm-iot/app.py:195] {'idchip': 'PLC_LOGO_1', 'ip': None, 'version': None, 'name': 'uv6', 'status': 'start'}
2024-11-15 08:17:51,994 - CRITICAL - [in app.py:184] Giá trị của uv5 đã thay đổi từ 0 thành 1 với status: start
2024-11-15 08:17:51,994 - CRITICAL - [in app.py:195] {'idchip': 'PLC_LOGO_1', 'ip': None, 'version': None, 'name': 'uv5', 'status': 'start'}
2024-11-15 08:17:52,346 - CRITICAL - [in /home/erpfarm/workspace/farm-iot/data_processor.py:86] 
 Dữ liệu process_data: {'mac_address': 'GF_TN4_CAMERA5', 'action_name': 'start', 'timer': '30'}
 Mã trạng thái HTTP server: 200, Phản hồi từ server: 200
2024-11-15 08:17:52,347 - CRITICAL - [in /home/erpfarm/workspace/farm-iot/data_processor.py:98] Đã cập nhật dữ liệu about: PLC_LOGO_1
2024-11-15 08:17:52,760 - CRITICAL - [in /home/erpfarm/workspace/farm-iot/data_processor.py:86] 
 Dữ liệu process_data: {'mac_address': 'GF_TN4_CAMERA5', 'action_name': 'start', 'timer': '30'}
 Mã trạng thái HTTP server: 202, Phản hồi từ server: 202
2024-11-15 08:17:52,760 - ERROR - [in /home/erpfarm/workspace/farm-iot/data_processor.py:104] Lỗi từ server: 202
Response: 202
Payload: data
2024-11-15 08:17:54,993 - CRITICAL - [in /home/erpfarm/workspace/farm-iot/app.py:184] Giá trị của uv6 đã thay đổi từ 0 thành 1 với status: start
2024-11-15 08:17:54,994 - CRITICAL - [in /home/erpfarm/workspace/farm-iot/app.py:195] {'idchip': 'PLC_LOGO_1', 'ip': None, 'version': None, 'name': 'uv6', 'status': 'start'}
2024-11-15 08:17:55,826 - CRITICAL - [in /home/erpfarm/workspace/farm-iot/data_processor.py:86] 
 Dữ liệu process_data: {'mac_address': 'GF_TN4_CAMERA6', 'action_name': 'start', 'timer': '30'}
 Mã trạng thái HTTP server: 200, Phản hồi từ server: 200
2024-11-15 08:17:55,827 - CRITICAL - [in /home/erpfarm/workspace/farm-iot/data_processor.py:98] Đã cập nhật dữ liệu about: PLC_LOGO_1
2024-11-15 08:17:55,993 - CRITICAL - [in app.py:184] Giá trị của uv5 đã thay đổi từ 0 thành 1 với status: start
2024-11-15 08:17:55,994 - CRITICAL - [in app.py:195] {'idchip': 'PLC_LOGO_1', 'ip': None, 'version': None, 'name': 'uv5', 'status': 'start'}
2024-11-15 08:17:57,406 - CRITICAL - [in /home/erpfarm/workspace/farm-iot/data_processor.py:86] 
 Dữ liệu process_data: {'mac_address': 'GF_TN4_CAMERA5', 'action_name': 'start', 'timer': '30'}
 Mã trạng thái HTTP server: 202, Phản hồi từ server: 202
2024-11-15 08:17:57,407 - ERROR - [in /home/erpfarm/workspace/farm-iot/data_processor.py:104] Lỗi từ server: 202
Response: 202
Payload: data
2024-11-15 08:17:59,994 - CRITICAL - [in app.py:184] Giá trị của uv6 đã thay đổi từ 0 thành 1 với status: start
2024-11-15 08:17:59,994 - CRITICAL - [in app.py:195] {'idchip': 'PLC_LOGO_1', 'ip': None, 'version': None, 'name': 'uv6', 'status': 'start'}
2024-11-15 08:18:01,324 - CRITICAL - [in /home/erpfarm/workspace/farm-iot/data_processor.py:86] 
 Dữ liệu process_data: {'mac_address': 'GF_TN4_CAMERA6', 'action_name': 'start', 'timer': '30'}
 Mã trạng thái HTTP server: 202, Phản hồi từ server: 202
2024-11-15 08:18:01,324 - ERROR - [in /home/erpfarm/workspace/farm-iot/data_processor.py:104] Lỗi từ server: 202
Response: 202
Payload: data
2024-11-15 08:28:37,023 - ERROR - [in /home/erpfarm/workspace/farm-iot/app.py:669] 181134ab4c24
2024-11-15 08:28:37,025 - ERROR - [in /home/erpfarm/workspace/farm-iot/data_processor.py:108]  
 Không tìm thấy thông tin cho ID: 181134ab4c24 -> uv3 -> end
2024-11-15 08:30:17,033 - ERROR - [in /home/erpfarm/workspace/farm-iot/app.py:669] 181134ab4c24
2024-11-15 08:30:17,038 - ERROR - [in /home/erpfarm/workspace/farm-iot/data_processor.py:108]  
 Không tìm thấy thông tin cho ID: 181134ab4c24 -> uv3 -> start
2024-11-15 08:47:44,981 - CRITICAL - [in app.py:184] Giá trị của uv6 đã thay đổi từ 1 thành 0 với status: end
2024-11-15 08:47:44,982 - CRITICAL - [in app.py:195] {'idchip': 'PLC_LOGO_1', 'ip': None, 'version': None, 'name': 'uv6', 'status': 'end'}
2024-11-15 08:47:45,981 - CRITICAL - [in /home/erpfarm/workspace/farm-iot/app.py:184] Giá trị của uv5 đã thay đổi từ 1 thành 0 với status: end
2024-11-15 08:47:45,982 - CRITICAL - [in /home/erpfarm/workspace/farm-iot/app.py:195] {'idchip': 'PLC_LOGO_1', 'ip': None, 'version': None, 'name': 'uv5', 'status': 'end'}
2024-11-15 08:47:49,982 - CRITICAL - [in /home/erpfarm/workspace/farm-iot/app.py:184] Giá trị của uv6 đã thay đổi từ 1 thành 0 với status: end
2024-11-15 08:47:49,984 - CRITICAL - [in /home/erpfarm/workspace/farm-iot/app.py:195] {'idchip': 'PLC_LOGO_1', 'ip': None, 'version': None, 'name': 'uv6', 'status': 'end'}
2024-11-15 08:47:51,982 - CRITICAL - [in /home/erpfarm/workspace/farm-iot/app.py:184] Giá trị của uv5 đã thay đổi từ 1 thành 0 với status: end
2024-11-15 08:47:51,982 - CRITICAL - [in /home/erpfarm/workspace/farm-iot/app.py:195] {'idchip': 'PLC_LOGO_1', 'ip': None, 'version': None, 'name': 'uv5', 'status': 'end'}
2024-11-15 08:53:12,803 - INFO - [in /home/erpfarm/workspace/farm-iot/app.py:47] Start: GF-CICO
2024-11-15 08:53:12,804 - INFO - [in /home/erpfarm/workspace/farm-iot/app.py:60] Danh sách các cơ sở dữ liệu:
2024-11-15 08:53:12,815 - INFO - [in /home/erpfarm/workspace/farm-iot/app.py:61] [{'name': '_internal'}, {'name': 'cico_iot'}]
2024-11-15 08:53:12,886 - INFO - [in /home/erpfarm/workspace/farm-iot/app.py:47] Start: GF-CICO
2024-11-15 08:53:12,886 - INFO - [in /home/erpfarm/workspace/farm-iot/app.py:60] Danh sách các cơ sở dữ liệu:
2024-11-15 08:53:12,891 - INFO - [in /home/erpfarm/workspace/farm-iot/app.py:61] [{'name': '_internal'}, {'name': 'cico_iot'}]
2024-11-15 08:53:55,979 - CRITICAL - [in /home/erpfarm/workspace/farm-iot/app.py:184] Giá trị của uv5 đã thay đổi từ 1 thành 0 với status: end
2024-11-15 08:53:55,980 - CRITICAL - [in /home/erpfarm/workspace/farm-iot/app.py:195] {'idchip': 'PLC_LOGO_1', 'ip': None, 'version': None, 'name': 'uv5', 'status': 'end'}
2024-11-15 08:54:00,856 - CRITICAL - [in /home/erpfarm/workspace/farm-iot/data_processor.py:86] 
 Dữ liệu process_data: {'mac_address': 'GF_TN4_CAMERA5', 'action_name': 'end', 'timer': '30'}
 Mã trạng thái HTTP server: 200, Phản hồi từ server: 200
2024-11-15 08:54:00,858 - CRITICAL - [in /home/erpfarm/workspace/farm-iot/data_processor.py:98] Đã cập nhật dữ liệu about: PLC_LOGO_1
2024-11-15 08:54:01,979 - CRITICAL - [in app.py:184] Giá trị của uv5 đã thay đổi từ 1 thành 0 với status: end
2024-11-15 08:54:01,981 - CRITICAL - [in app.py:195] {'idchip': 'PLC_LOGO_1', 'ip': None, 'version': None, 'name': 'uv5', 'status': 'end'}
2024-11-15 08:55:24,978 - CRITICAL - [in app.py:184] Giá trị của uv6 đã thay đổi từ 1 thành 0 với status: end
2024-11-15 08:55:24,978 - CRITICAL - [in app.py:195] {'idchip': 'PLC_LOGO_1', 'ip': None, 'version': None, 'name': 'uv6', 'status': 'end'}
2024-11-15 08:55:25,978 - CRITICAL - [in /home/erpfarm/workspace/farm-iot/app.py:184] Giá trị của uv5 đã thay đổi từ 1 thành 0 với status: end
2024-11-15 08:55:25,979 - CRITICAL - [in /home/erpfarm/workspace/farm-iot/app.py:195] {'idchip': 'PLC_LOGO_1', 'ip': None, 'version': None, 'name': 'uv5', 'status': 'end'}
2024-11-15 08:55:29,978 - CRITICAL - [in /home/erpfarm/workspace/farm-iot/app.py:184] Giá trị của uv6 đã thay đổi từ 1 thành 0 với status: end
2024-11-15 08:55:29,979 - CRITICAL - [in /home/erpfarm/workspace/farm-iot/app.py:195] {'idchip': 'PLC_LOGO_1', 'ip': None, 'version': None, 'name': 'uv6', 'status': 'end'}
2024-11-15 08:55:46,978 - CRITICAL - [in /home/erpfarm/workspace/farm-iot/app.py:184] Giá trị của uv5 đã thay đổi từ 1 thành 0 với status: end
2024-11-15 08:55:46,978 - CRITICAL - [in /home/erpfarm/workspace/farm-iot/app.py:195] {'idchip': 'PLC_LOGO_1', 'ip': None, 'version': None, 'name': 'uv5', 'status': 'end'}
2024-11-15 08:55:48,378 - CRITICAL - [in /home/erpfarm/workspace/farm-iot/data_processor.py:86] 
 Dữ liệu process_data: {'mac_address': 'GF_TN4_CAMERA5', 'action_name': 'end', 'timer': '30'}
 Mã trạng thái HTTP server: 201, Phản hồi từ server: 201
2024-11-15 08:55:48,379 - ERROR - [in /home/erpfarm/workspace/farm-iot/data_processor.py:104] Lỗi từ server: 201
Response: 201
Payload: data
2024-11-15 08:55:50,977 - CRITICAL - [in /home/erpfarm/workspace/farm-iot/app.py:184] Giá trị của uv5 đã thay đổi từ 1 thành 0 với status: end
2024-11-15 08:55:50,978 - CRITICAL - [in /home/erpfarm/workspace/farm-iot/app.py:195] {'idchip': 'PLC_LOGO_1', 'ip': None, 'version': None, 'name': 'uv5', 'status': 'end'}
2024-11-15 08:55:52,285 - CRITICAL - [in /home/erpfarm/workspace/farm-iot/data_processor.py:86] 
 Dữ liệu process_data: {'mac_address': 'GF_TN4_CAMERA5', 'action_name': 'end', 'timer': '30'}
 Mã trạng thái HTTP server: 201, Phản hồi từ server: 201
2024-11-15 08:55:52,287 - ERROR - [in /home/erpfarm/workspace/farm-iot/data_processor.py:104] Lỗi từ server: 201
Response: 201
Payload: data
2024-11-15 08:55:55,977 - CRITICAL - [in /home/erpfarm/workspace/farm-iot/app.py:184] Giá trị của uv5 đã thay đổi từ 1 thành 0 với status: end
2024-11-15 08:55:55,979 - CRITICAL - [in /home/erpfarm/workspace/farm-iot/app.py:195] {'idchip': 'PLC_LOGO_1', 'ip': None, 'version': None, 'name': 'uv5', 'status': 'end'}
2024-11-15 08:55:59,977 - CRITICAL - [in /home/erpfarm/workspace/farm-iot/app.py:184] Giá trị của uv6 đã thay đổi từ 1 thành 0 với status: end
2024-11-15 08:55:59,978 - CRITICAL - [in /home/erpfarm/workspace/farm-iot/app.py:195] {'idchip': 'PLC_LOGO_1', 'ip': None, 'version': None, 'name': 'uv6', 'status': 'end'}
2024-11-15 08:56:04,977 - CRITICAL - [in app.py:184] Giá trị của uv6 đã thay đổi từ 1 thành 0 với status: end
2024-11-15 08:56:04,978 - CRITICAL - [in app.py:195] {'idchip': 'PLC_LOGO_1', 'ip': None, 'version': None, 'name': 'uv6', 'status': 'end'}
2024-11-15 08:56:43,089 - INFO - [in /home/erpfarm/workspace/farm-iot/app.py:47] Start: GF-CICO
2024-11-15 08:56:43,090 - INFO - [in /home/erpfarm/workspace/farm-iot/app.py:60] Danh sách các cơ sở dữ liệu:
2024-11-15 08:56:43,095 - INFO - [in /home/erpfarm/workspace/farm-iot/app.py:61] [{'name': '_internal'}, {'name': 'cico_iot'}]
2024-11-15 08:56:43,128 - INFO - [in /home/erpfarm/workspace/farm-iot/app.py:47] Start: GF-CICO
2024-11-15 08:56:43,128 - INFO - [in /home/erpfarm/workspace/farm-iot/app.py:60] Danh sách các cơ sở dữ liệu:
2024-11-15 08:56:43,132 - INFO - [in /home/erpfarm/workspace/farm-iot/app.py:61] [{'name': '_internal'}, {'name': 'cico_iot'}]
2024-11-15 08:58:09,977 - CRITICAL - [in /home/erpfarm/workspace/farm-iot/app.py:184] Giá trị của uv6 đã thay đổi từ 1 thành 0 với status: end
2024-11-15 08:58:09,978 - CRITICAL - [in /home/erpfarm/workspace/farm-iot/app.py:195] {'idchip': 'PLC_LOGO_1', 'ip': '10.16.40.151', 'version': '123', 'name': 'uv6', 'status': 'end'}
2024-11-15 08:58:14,697 - CRITICAL - [in /home/erpfarm/workspace/farm-iot/data_processor.py:86] 
 Dữ liệu process_data: {'mac_address': 'GF_TN4_CAMERA6', 'action_name': 'end', 'timer': '30'}
 Mã trạng thái HTTP server: 200, Phản hồi từ server: 200
2024-11-15 08:58:14,698 - CRITICAL - [in /home/erpfarm/workspace/farm-iot/data_processor.py:98] Đã cập nhật dữ liệu about: PLC_LOGO_1
2024-11-15 08:58:14,977 - CRITICAL - [in /home/erpfarm/workspace/farm-iot/app.py:184] Giá trị của uv6 đã thay đổi từ 1 thành 0 với status: end
2024-11-15 08:58:14,979 - CRITICAL - [in /home/erpfarm/workspace/farm-iot/app.py:195] {'idchip': 'PLC_LOGO_1', 'ip': '10.16.40.151', 'version': '123', 'name': 'uv6', 'status': 'end'}
2024-11-15 09:30:08,595 - ERROR - [in /home/erpfarm/workspace/farm-iot/app.py:667] 181134ab4c24
2024-11-15 09:30:08,598 - ERROR - [in /home/erpfarm/workspace/farm-iot/data_processor.py:108]  
 Không tìm thấy thông tin cho ID: 181134ab4c24 -> uv3 -> end
2024-11-15 09:35:50,960 - CRITICAL - [in /home/erpfarm/workspace/farm-iot/app.py:184] Giá trị của uv3 đã thay đổi từ 1 thành 0 với status: end
2024-11-15 09:35:50,962 - CRITICAL - [in /home/erpfarm/workspace/farm-iot/app.py:195] {'idchip': 'PLC_LOGO_1', 'ip': '10.16.40.151', 'version': '123', 'name': 'uv3', 'status': 'end'}
2024-11-15 09:35:55,962 - CRITICAL - [in /home/erpfarm/workspace/farm-iot/app.py:184] Giá trị của uv3 đã thay đổi từ 1 thành 0 với status: end
2024-11-15 09:35:55,963 - CRITICAL - [in /home/erpfarm/workspace/farm-iot/app.py:195] {'idchip': 'PLC_LOGO_1', 'ip': '10.16.40.151', 'version': '123', 'name': 'uv3', 'status': 'end'}
2024-11-15 09:35:56,071 - CRITICAL - [in /home/erpfarm/workspace/farm-iot/data_processor.py:86] 
 Dữ liệu process_data: {'mac_address': 'GF_TN4_CAMERA1', 'action_name': 'end', 'timer': '87'}
 Mã trạng thái HTTP server: 200, Phản hồi từ server: 200
2024-11-15 09:35:56,073 - CRITICAL - [in /home/erpfarm/workspace/farm-iot/data_processor.py:98] Đã cập nhật dữ liệu about: PLC_LOGO_1
2024-11-15 09:36:00,963 - CRITICAL - [in app.py:184] Giá trị của uv3 đã thay đổi từ 1 thành 0 với status: end
2024-11-15 09:36:00,964 - CRITICAL - [in app.py:195] {'idchip': 'PLC_LOGO_1', 'ip': None, 'version': None, 'name': 'uv3', 'status': 'end'}
2024-11-15 09:36:01,961 - CRITICAL - [in /home/erpfarm/workspace/farm-iot/app.py:184] Giá trị của uv7 đã thay đổi từ 0 thành 1 với status: start
2024-11-15 09:36:01,962 - CRITICAL - [in /home/erpfarm/workspace/farm-iot/app.py:195] {'idchip': 'PLC_LOGO_1', 'ip': None, 'version': None, 'name': 'uv7', 'status': 'start'}
2024-11-15 09:36:05,962 - CRITICAL - [in /home/erpfarm/workspace/farm-iot/app.py:184] Giá trị của uv3 đã thay đổi từ 1 thành 0 với status: end
2024-11-15 09:36:05,962 - CRITICAL - [in /home/erpfarm/workspace/farm-iot/app.py:195] {'idchip': 'PLC_LOGO_1', 'ip': None, 'version': None, 'name': 'uv3', 'status': 'end'}
2024-11-15 09:36:07,961 - CRITICAL - [in /home/erpfarm/workspace/farm-iot/app.py:184] Giá trị của uv7 đã thay đổi từ 0 thành 1 với status: start
2024-11-15 09:36:07,962 - CRITICAL - [in /home/erpfarm/workspace/farm-iot/app.py:195] {'idchip': 'PLC_LOGO_1', 'ip': '10.16.40.151', 'version': '123', 'name': 'uv7', 'status': 'start'}
2024-11-15 09:46:54,957 - CRITICAL - [in /home/erpfarm/workspace/farm-iot/app.py:184] Giá trị của uv3 đã thay đổi từ 0 thành 1 với status: start
2024-11-15 09:46:54,957 - CRITICAL - [in /home/erpfarm/workspace/farm-iot/app.py:195] {'idchip': 'PLC_LOGO_1', 'ip': None, 'version': None, 'name': 'uv3', 'status': 'start'}
2024-11-15 09:46:59,957 - CRITICAL - [in /home/erpfarm/workspace/farm-iot/app.py:184] Giá trị của uv3 đã thay đổi từ 0 thành 1 với status: start
2024-11-15 09:46:59,957 - CRITICAL - [in /home/erpfarm/workspace/farm-iot/app.py:195] {'idchip': 'PLC_LOGO_1', 'ip': '10.16.40.151', 'version': '123', 'name': 'uv3', 'status': 'start'}
2024-11-15 09:47:03,434 - CRITICAL - [in /home/erpfarm/workspace/farm-iot/data_processor.py:86] 
 Dữ liệu process_data: {'mac_address': 'GF_TN4_CAMERA1', 'action_name': 'start', 'timer': '87'}
 Mã trạng thái HTTP server: 200, Phản hồi từ server: 200
2024-11-15 09:47:03,435 - CRITICAL - [in /home/erpfarm/workspace/farm-iot/data_processor.py:98] Đã cập nhật dữ liệu about: PLC_LOGO_1
2024-11-15 09:47:05,957 - CRITICAL - [in app.py:184] Giá trị của uv3 đã thay đổi từ 0 thành 1 với status: start
2024-11-15 09:47:05,957 - CRITICAL - [in app.py:195] {'idchip': 'PLC_LOGO_1', 'ip': None, 'version': None, 'name': 'uv3', 'status': 'start'}
2024-11-15 09:49:57,957 - CRITICAL - [in /home/erpfarm/workspace/farm-iot/app.py:184] Giá trị của uv3 đã thay đổi từ 1 thành 0 với status: end
2024-11-15 09:49:57,957 - CRITICAL - [in /home/erpfarm/workspace/farm-iot/app.py:195] {'idchip': 'PLC_LOGO_1', 'ip': '10.16.40.151', 'version': '123', 'name': 'uv3', 'status': 'end'}
2024-11-15 09:50:24,956 - CRITICAL - [in /home/erpfarm/workspace/farm-iot/app.py:184] Giá trị của uv3 đã thay đổi từ 1 thành 0 với status: end
2024-11-15 09:50:24,957 - CRITICAL - [in /home/erpfarm/workspace/farm-iot/app.py:195] {'idchip': 'PLC_LOGO_1', 'ip': '10.16.40.151', 'version': '123', 'name': 'uv3', 'status': 'end'}
2024-11-15 09:50:26,339 - CRITICAL - [in /home/erpfarm/workspace/farm-iot/data_processor.py:86] 
 Dữ liệu process_data: {'mac_address': 'GF_TN4_CAMERA1', 'action_name': 'end', 'timer': '87'}
 Mã trạng thái HTTP server: 200, Phản hồi từ server: 200
2024-11-15 09:50:26,341 - CRITICAL - [in /home/erpfarm/workspace/farm-iot/data_processor.py:98] Đã cập nhật dữ liệu about: PLC_LOGO_1
2024-11-15 09:50:29,956 - CRITICAL - [in /home/erpfarm/workspace/farm-iot/app.py:184] Giá trị của uv3 đã thay đổi từ 1 thành 0 với status: end
2024-11-15 09:50:29,958 - CRITICAL - [in /home/erpfarm/workspace/farm-iot/app.py:195] {'idchip': 'PLC_LOGO_1', 'ip': '10.16.40.151', 'version': '123', 'name': 'uv3', 'status': 'end'}
2024-11-15 10:08:20,948 - CRITICAL - [in app.py:184] Giá trị của uv8 đã thay đổi từ 0 thành 1 với status: start
2024-11-15 10:08:20,949 - CRITICAL - [in app.py:195] {'idchip': 'PLC_LOGO_1', 'ip': None, 'version': None, 'name': 'uv8', 'status': 'start'}
2024-11-15 10:08:25,947 - CRITICAL - [in /home/erpfarm/workspace/farm-iot/app.py:184] Giá trị của uv8 đã thay đổi từ 0 thành 1 với status: start
2024-11-15 10:08:25,949 - CRITICAL - [in /home/erpfarm/workspace/farm-iot/app.py:195] {'idchip': 'PLC_LOGO_1', 'ip': None, 'version': None, 'name': 'uv8', 'status': 'start'}
2024-11-15 10:09:20,947 - CRITICAL - [in app.py:184] Giá trị của uv8 đã thay đổi từ 1 thành 0 với status: end
2024-11-15 10:09:20,948 - CRITICAL - [in app.py:195] {'idchip': 'PLC_LOGO_1', 'ip': None, 'version': None, 'name': 'uv8', 'status': 'end'}
2024-11-15 10:09:25,948 - CRITICAL - [in /home/erpfarm/workspace/farm-iot/app.py:184] Giá trị của uv8 đã thay đổi từ 1 thành 0 với status: end
2024-11-15 10:09:25,948 - CRITICAL - [in /home/erpfarm/workspace/farm-iot/app.py:195] {'idchip': 'PLC_LOGO_1', 'ip': None, 'version': None, 'name': 'uv8', 'status': 'end'}
2024-11-15 10:36:01,937 - CRITICAL - [in /home/erpfarm/workspace/farm-iot/app.py:184] Giá trị của uv7 đã thay đổi từ 1 thành 0 với status: end
2024-11-15 10:36:01,938 - CRITICAL - [in /home/erpfarm/workspace/farm-iot/app.py:195] {'idchip': 'PLC_LOGO_1', 'ip': '10.16.40.151', 'version': '123', 'name': 'uv7', 'status': 'end'}
2024-11-15 10:36:04,554 - CRITICAL - [in /home/erpfarm/workspace/farm-iot/data_processor.py:86] 
 Dữ liệu process_data: {'mac_address': 'GF_TN4_CAMERA2', 'action_name': 'end', 'timer': '27'}
 Mã trạng thái HTTP server: 201, Phản hồi từ server: 201
2024-11-15 10:36:04,555 - ERROR - [in /home/erpfarm/workspace/farm-iot/data_processor.py:104] Lỗi từ server: 201
Response: 201
Payload: data
2024-11-15 10:36:07,936 - CRITICAL - [in /home/erpfarm/workspace/farm-iot/app.py:184] Giá trị của uv7 đã thay đổi từ 1 thành 0 với status: end
2024-11-15 10:36:07,937 - CRITICAL - [in /home/erpfarm/workspace/farm-iot/app.py:195] {'idchip': 'PLC_LOGO_1', 'ip': '10.16.40.151', 'version': '123', 'name': 'uv7', 'status': 'end'}
2024-11-15 10:36:09,242 - CRITICAL - [in /home/erpfarm/workspace/farm-iot/data_processor.py:86] 
 Dữ liệu process_data: {'mac_address': 'GF_TN4_CAMERA2', 'action_name': 'end', 'timer': '27'}
 Mã trạng thái HTTP server: 201, Phản hồi từ server: 201
2024-11-15 10:36:09,242 - ERROR - [in /home/erpfarm/workspace/farm-iot/data_processor.py:104] Lỗi từ server: 201
Response: 201
Payload: data
2024-11-15 10:42:40,543 - INFO - [in /home/erpfarm/workspace/farm-iot/app.py:47] Start: GF-CICO
2024-11-15 10:42:40,543 - INFO - [in /home/erpfarm/workspace/farm-iot/app.py:60] Danh sách các cơ sở dữ liệu:
2024-11-15 10:42:40,548 - INFO - [in /home/erpfarm/workspace/farm-iot/app.py:61] [{'name': '_internal'}, {'name': 'cico_iot'}]
2024-11-15 10:42:40,584 - INFO - [in /home/erpfarm/workspace/farm-iot/app.py:47] Start: GF-CICO
2024-11-15 10:42:40,584 - INFO - [in /home/erpfarm/workspace/farm-iot/app.py:60] Danh sách các cơ sở dữ liệu:
2024-11-15 10:42:40,587 - INFO - [in /home/erpfarm/workspace/farm-iot/app.py:61] [{'name': '_internal'}, {'name': 'cico_iot'}]
2024-11-15 11:03:54,754 - INFO - [in /home/erpfarm/workspace/farm-iot/app.py:47] Start: GF-CICO
2024-11-15 11:03:54,755 - INFO - [in /home/erpfarm/workspace/farm-iot/app.py:60] Danh sách các cơ sở dữ liệu:
2024-11-15 11:03:54,760 - INFO - [in /home/erpfarm/workspace/farm-iot/app.py:61] [{'name': '_internal'}, {'name': 'cico_iot'}]
2024-11-15 11:03:54,805 - INFO - [in /home/erpfarm/workspace/farm-iot/app.py:47] Start: GF-CICO
2024-11-15 11:03:54,807 - INFO - [in /home/erpfarm/workspace/farm-iot/app.py:60] Danh sách các cơ sở dữ liệu:
2024-11-15 11:03:54,812 - INFO - [in /home/erpfarm/workspace/farm-iot/app.py:61] [{'name': '_internal'}, {'name': 'cico_iot'}]
2024-11-15 11:05:35,791 - INFO - [in /home/erpfarm/workspace/farm-iot/app.py:47] Start: GF-CICO
2024-11-15 11:05:35,792 - INFO - [in /home/erpfarm/workspace/farm-iot/app.py:60] Danh sách các cơ sở dữ liệu:
2024-11-15 11:05:35,798 - INFO - [in /home/erpfarm/workspace/farm-iot/app.py:61] [{'name': '_internal'}, {'name': 'cico_iot'}]
2024-11-15 11:05:35,862 - INFO - [in /home/erpfarm/workspace/farm-iot/app.py:47] Start: GF-CICO
2024-11-15 11:05:35,863 - INFO - [in /home/erpfarm/workspace/farm-iot/app.py:60] Danh sách các cơ sở dữ liệu:
2024-11-15 11:05:35,867 - INFO - [in /home/erpfarm/workspace/farm-iot/app.py:61] [{'name': '_internal'}, {'name': 'cico_iot'}]
2024-11-15 11:09:47,922 - CRITICAL - [in /home/erpfarm/workspace/farm-iot/app.py:184] Giá trị của uv7 đã thay đổi từ 0 thành 1 với status: start
2024-11-15 11:09:47,922 - CRITICAL - [in /home/erpfarm/workspace/farm-iot/app.py:195] {'idchip': 'PLC_LOGO_1', 'ip': None, 'version': None, 'name': 'uv7', 'status': 'start'}
2024-11-15 11:09:53,921 - CRITICAL - [in /home/erpfarm/workspace/farm-iot/app.py:184] Giá trị của uv7 đã thay đổi từ 0 thành 1 với status: start
2024-11-15 11:09:53,923 - CRITICAL - [in /home/erpfarm/workspace/farm-iot/app.py:195] event_data = {'idchip': 'PLC_LOGO_1', 'ip': '10.16.40.151', 'version': '123', 'name': 'uv7', 'status': 'start'}
2024-11-15 11:39:47,907 - CRITICAL - [in /home/erpfarm/workspace/farm-iot/app.py:184] Giá trị của uv7 đã thay đổi từ 1 thành 0 với status: end
2024-11-15 11:39:47,908 - CRITICAL - [in /home/erpfarm/workspace/farm-iot/app.py:195] {'idchip': 'PLC_LOGO_1', 'ip': None, 'version': None, 'name': 'uv7', 'status': 'end'}
2024-11-15 11:39:52,907 - CRITICAL - [in /home/erpfarm/workspace/farm-iot/app.py:184] Giá trị của uv7 đã thay đổi từ 1 thành 0 với status: end
2024-11-15 11:39:52,908 - CRITICAL - [in /home/erpfarm/workspace/farm-iot/app.py:195] event_data = {'idchip': 'PLC_LOGO_1', 'ip': '10.16.40.151', 'version': '123', 'name': 'uv7', 'status': 'end'}
2024-11-15 11:39:55,461 - CRITICAL - [in /home/erpfarm/workspace/farm-iot/data_processor.py:82] 
 Dữ liệu process_data: {'mac_address': 'GF_TN4_CAMERA2', 'action_name': 'end', 'timer': '27'}
 Mã trạng thái HTTP server: 201, Phản hồi từ server: 201
2024-11-15 11:39:55,462 - ERROR - [in /home/erpfarm/workspace/farm-iot/data_processor.py:101] Lỗi từ server: 201
Response: 201
Payload: data
2024-11-15 11:39:57,805 - CRITICAL - [in /home/erpfarm/workspace/farm-iot/data_processor.py:82] 
 Dữ liệu process_data: {'mac_address': 'GF_TN4_CAMERA2', 'action_name': 'end', 'timer': '27'}
 Mã trạng thái HTTP server: 201, Phản hồi từ server: 201
2024-11-15 11:39:57,806 - ERROR - [in /home/erpfarm/workspace/farm-iot/data_processor.py:101] Lỗi từ server: 201
Response: 201
Payload: data
2024-11-15 11:40:00,185 - CRITICAL - [in /home/erpfarm/workspace/farm-iot/data_processor.py:82] 
 Dữ liệu process_data: {'mac_address': 'GF_TN4_CAMERA2', 'action_name': 'end', 'timer': '27'}
 Mã trạng thái HTTP server: 201, Phản hồi từ server: 201
2024-11-15 11:40:00,186 - ERROR - [in /home/erpfarm/workspace/farm-iot/data_processor.py:101] Lỗi từ server: 201
Response: 201
Payload: data
2024-11-15 11:40:49,907 - CRITICAL - [in /home/erpfarm/workspace/farm-iot/app.py:184] Giá trị của uv3 đã thay đổi từ 0 thành 1 với status: start
2024-11-15 11:40:49,908 - CRITICAL - [in /home/erpfarm/workspace/farm-iot/app.py:195] event_data = {'idchip': 'PLC_LOGO_1', 'ip': '10.16.40.151', 'version': '123', 'name': 'uv3', 'status': 'start'}
2024-11-15 11:40:54,906 - CRITICAL - [in /home/erpfarm/workspace/farm-iot/app.py:184] Giá trị của uv3 đã thay đổi từ 0 thành 1 với status: start
2024-11-15 11:40:54,907 - CRITICAL - [in /home/erpfarm/workspace/farm-iot/app.py:195] event_data = {'idchip': 'PLC_LOGO_1', 'ip': '10.16.40.151', 'version': '123', 'name': 'uv3', 'status': 'start'}
2024-11-15 11:40:58,464 - CRITICAL - [in /home/erpfarm/workspace/farm-iot/data_processor.py:82] 
 Dữ liệu process_data: {'mac_address': 'GF_TN4_CAMERA1', 'action_name': 'start', 'timer': '87'}
 Mã trạng thái HTTP server: 200, Phản hồi từ server: 200
2024-11-15 11:41:00,835 - CRITICAL - [in /home/erpfarm/workspace/farm-iot/data_processor.py:82] 
 Dữ liệu process_data: {'mac_address': 'GF_TN4_CAMERA1', 'action_name': 'start', 'timer': '87'}
 Mã trạng thái HTTP server: 202, Phản hồi từ server: 202
2024-11-15 11:41:00,836 - ERROR - [in /home/erpfarm/workspace/farm-iot/data_processor.py:101] Lỗi từ server: 202
Response: 202
Payload: data
2024-11-15 11:41:03,160 - CRITICAL - [in /home/erpfarm/workspace/farm-iot/data_processor.py:82] 
 Dữ liệu process_data: {'mac_address': 'GF_TN4_CAMERA1', 'action_name': 'start', 'timer': '87'}
 Mã trạng thái HTTP server: 202, Phản hồi từ server: 202
2024-11-15 11:41:03,161 - ERROR - [in /home/erpfarm/workspace/farm-iot/data_processor.py:101] Lỗi từ server: 202
Response: 202
Payload: data
2024-11-15 11:45:47,883 - INFO - [in /home/erpfarm/workspace/farm-iot/app.py:47] Start: GF-CICO
2024-11-15 11:45:47,884 - INFO - [in /home/erpfarm/workspace/farm-iot/app.py:60] Danh sách các cơ sở dữ liệu:
2024-11-15 11:45:47,888 - INFO - [in /home/erpfarm/workspace/farm-iot/app.py:61] [{'name': '_internal'}, {'name': 'cico_iot'}]
2024-11-15 11:45:47,928 - INFO - [in /home/erpfarm/workspace/farm-iot/app.py:47] Start: GF-CICO
2024-11-15 11:45:47,928 - INFO - [in /home/erpfarm/workspace/farm-iot/app.py:60] Danh sách các cơ sở dữ liệu:
2024-11-15 11:45:47,931 - INFO - [in /home/erpfarm/workspace/farm-iot/app.py:61] [{'name': '_internal'}, {'name': 'cico_iot'}]
2024-11-15 11:51:43,037 - INFO - [in /home/erpfarm/workspace/farm-iot/app.py:47] Start: GF-CICO
2024-11-15 11:51:43,039 - INFO - [in /home/erpfarm/workspace/farm-iot/app.py:60] Danh sách các cơ sở dữ liệu:
2024-11-15 11:51:43,044 - INFO - [in /home/erpfarm/workspace/farm-iot/app.py:61] [{'name': '_internal'}, {'name': 'cico_iot'}]
2024-11-15 11:51:43,086 - INFO - [in /home/erpfarm/workspace/farm-iot/app.py:47] Start: GF-CICO
2024-11-15 11:51:43,087 - INFO - [in /home/erpfarm/workspace/farm-iot/app.py:60] Danh sách các cơ sở dữ liệu:
2024-11-15 11:51:43,090 - INFO - [in /home/erpfarm/workspace/farm-iot/app.py:61] [{'name': '_internal'}, {'name': 'cico_iot'}]
2024-11-15 13:10:49,868 - CRITICAL - [in app.py:184] Giá trị của uv3 đã thay đổi từ 1 thành 0 với status: end
2024-11-15 13:10:49,869 - CRITICAL - [in app.py:195] {'idchip': 'PLC_LOGO_1', 'ip': None, 'version': None, 'name': 'uv3', 'status': 'end'}
2024-11-15 13:10:54,868 - CRITICAL - [in /home/erpfarm/workspace/farm-iot/app.py:184] Giá trị của uv3 đã thay đổi từ 1 thành 0 với status: end
2024-11-15 13:10:54,869 - CRITICAL - [in /home/erpfarm/workspace/farm-iot/app.py:195] event_data = {'idchip': 'PLC_LOGO_1', 'ip': '10.16.40.151', 'version': '123', 'name': 'uv3', 'status': 'end'}
2024-11-15 13:31:39,859 - CRITICAL - [in /home/erpfarm/workspace/farm-iot/app.py:184] Giá trị của uv3 đã thay đổi từ 1 thành 0 với status: end
2024-11-15 13:31:39,860 - CRITICAL - [in /home/erpfarm/workspace/farm-iot/app.py:195] event_data = {'idchip': 'PLC_LOGO_1', 'ip': '10.16.40.151', 'version': '123', 'name': 'uv3', 'status': 'end'}
2024-11-15 13:31:44,860 - CRITICAL - [in /home/erpfarm/workspace/farm-iot/app.py:184] Giá trị của uv3 đã thay đổi từ 1 thành 0 với status: end
2024-11-15 13:31:44,860 - CRITICAL - [in /home/erpfarm/workspace/farm-iot/app.py:195] event_data = {'idchip': 'PLC_LOGO_1', 'ip': '10.16.40.151', 'version': '123', 'name': 'uv3', 'status': 'end'}
2024-11-15 13:31:49,687 - CRITICAL - [in /home/erpfarm/workspace/farm-iot/data_processor.py:82] 
 Dữ liệu process_data: {'mac_address': 'GF_TN4_CAMERA1', 'action_name': 'end', 'timer': '87'}
 Mã trạng thái HTTP server: 200, Phản hồi từ server: 200
2024-11-15 13:31:51,977 - CRITICAL - [in /home/erpfarm/workspace/farm-iot/data_processor.py:82] 
 Dữ liệu process_data: {'mac_address': 'GF_TN4_CAMERA1', 'action_name': 'end', 'timer': '87'}
 Mã trạng thái HTTP server: 200, Phản hồi từ server: 201
2024-11-15 13:31:54,663 - CRITICAL - [in /home/erpfarm/workspace/farm-iot/data_processor.py:82] 
 Dữ liệu process_data: {'mac_address': 'GF_TN4_CAMERA1', 'action_name': 'end', 'timer': '87'}
 Mã trạng thái HTTP server: 200, Phản hồi từ server: 201
2024-11-15 13:37:47,483 - ERROR - [in /home/erpfarm/workspace/farm-iot/app.py:667] 181134ab4c24
2024-11-15 13:37:47,485 - ERROR - [in /home/erpfarm/workspace/farm-iot/data_processor.py:104]  
 Không tìm thấy thông tin cho ID: 181134ab4c24 -> uv4 -> start
2024-11-15 13:37:48,277 - ERROR - [in /home/erpfarm/workspace/farm-iot/app.py:667] 181134ab4c24
2024-11-15 13:37:48,486 - ERROR - [in /home/erpfarm/workspace/farm-iot/data_processor.py:104]  
 Không tìm thấy thông tin cho ID: 181134ab4c24 -> uv4 -> start
2024-11-15 13:37:49,488 - ERROR - [in /home/erpfarm/workspace/farm-iot/data_processor.py:104]  
 Không tìm thấy thông tin cho ID: 181134ab4c24 -> uv4 -> start
2024-11-15 13:37:49,880 - ERROR - [in /home/erpfarm/workspace/farm-iot/app.py:667] 181134ab4c24
2024-11-15 13:37:50,490 - ERROR - [in /home/erpfarm/workspace/farm-iot/data_processor.py:104]  
 Không tìm thấy thông tin cho ID: 181134ab4c24 -> uv4 -> end
2024-11-15 13:37:51,492 - ERROR - [in /home/erpfarm/workspace/farm-iot/data_processor.py:104]  
 Không tìm thấy thông tin cho ID: 181134ab4c24 -> uv4 -> end
2024-11-15 13:37:52,494 - ERROR - [in /home/erpfarm/workspace/farm-iot/data_processor.py:104]  
 Không tìm thấy thông tin cho ID: 181134ab4c24 -> uv4 -> end
2024-11-15 13:37:53,495 - ERROR - [in /home/erpfarm/workspace/farm-iot/data_processor.py:104]  
 Không tìm thấy thông tin cho ID: 181134ab4c24 -> uv4 -> start
2024-11-15 13:37:54,497 - ERROR - [in /home/erpfarm/workspace/farm-iot/data_processor.py:104]  
 Không tìm thấy thông tin cho ID: 181134ab4c24 -> uv4 -> start
2024-11-15 13:37:55,499 - ERROR - [in /home/erpfarm/workspace/farm-iot/data_processor.py:104]  
 Không tìm thấy thông tin cho ID: 181134ab4c24 -> uv4 -> start
2024-11-15 13:37:56,278 - ERROR - [in /home/erpfarm/workspace/farm-iot/app.py:739]  
 Quá nhiều yêu cầu từ thiết bị: 181134ab4c24_uv4
2024-11-15 13:38:00,291 - ERROR - [in /home/erpfarm/workspace/farm-iot/app.py:739]  
 Quá nhiều yêu cầu từ thiết bị: 181134ab4c24_uv4
2024-11-15 13:39:01,200 - ERROR - [in /home/erpfarm/workspace/farm-iot/app.py:667] 181134ab4c24
2024-11-15 13:39:01,302 - ERROR - [in /home/erpfarm/workspace/farm-iot/app.py:667] 181134ab4c24
2024-11-15 13:39:01,494 - ERROR - [in /home/erpfarm/workspace/farm-iot/app.py:667] 181134ab4c24
2024-11-15 13:39:01,555 - ERROR - [in /home/erpfarm/workspace/farm-iot/app.py:667] 181134ab4c24
2024-11-15 13:39:02,541 - CRITICAL - [in /home/erpfarm/workspace/farm-iot/data_processor.py:82] 
 Dữ liệu process_data: {'mac_address': 'GF_TN4_2_CAMERA1', 'action_name': 'end', 'timer': '86'}
 Mã trạng thái HTTP server: 200, Phản hồi từ server: 201
2024-11-15 13:39:04,911 - CRITICAL - [in /home/erpfarm/workspace/farm-iot/data_processor.py:82] 
 Dữ liệu process_data: {'mac_address': 'GF_TN4_2_CAMERA1', 'action_name': 'end', 'timer': '86'}
 Mã trạng thái HTTP server: 200, Phản hồi từ server: 201
2024-11-15 13:39:07,226 - CRITICAL - [in /home/erpfarm/workspace/farm-iot/data_processor.py:82] 
 Dữ liệu process_data: {'mac_address': 'GF_TN4_2_CAMERA1', 'action_name': 'end', 'timer': '86'}
 Mã trạng thái HTTP server: 200, Phản hồi từ server: 201
2024-11-15 13:39:09,516 - CRITICAL - [in /home/erpfarm/workspace/farm-iot/data_processor.py:82] 
 Dữ liệu process_data: {'mac_address': 'GF_TN4_2_CAMERA3', 'action_name': 'end', 'timer': '86'}
 Mã trạng thái HTTP server: 200, Phản hồi từ server: 201
2024-11-15 13:39:11,795 - CRITICAL - [in /home/erpfarm/workspace/farm-iot/data_processor.py:82] 
 Dữ liệu process_data: {'mac_address': 'GF_TN4_2_CAMERA3', 'action_name': 'end', 'timer': '86'}
 Mã trạng thái HTTP server: 200, Phản hồi từ server: 201
2024-11-15 13:39:14,214 - CRITICAL - [in /home/erpfarm/workspace/farm-iot/data_processor.py:82] 
 Dữ liệu process_data: {'mac_address': 'GF_TN4_2_CAMERA3', 'action_name': 'end', 'timer': '86'}
 Mã trạng thái HTTP server: 200, Phản hồi từ server: 201
2024-11-15 13:39:15,219 - ERROR - [in /home/erpfarm/workspace/farm-iot/data_processor.py:104]  
 Không tìm thấy thông tin cho ID: 181134ab4c24 -> uv3 -> end
2024-11-15 13:39:16,221 - ERROR - [in /home/erpfarm/workspace/farm-iot/data_processor.py:104]  
 Không tìm thấy thông tin cho ID: 181134ab4c24 -> uv3 -> end
2024-11-15 13:39:17,223 - ERROR - [in /home/erpfarm/workspace/farm-iot/data_processor.py:104]  
 Không tìm thấy thông tin cho ID: 181134ab4c24 -> uv3 -> end
2024-11-15 13:39:18,224 - ERROR - [in /home/erpfarm/workspace/farm-iot/data_processor.py:104]  
 Không tìm thấy thông tin cho ID: 181134ab4c24 -> uv4 -> start
2024-11-15 13:39:19,226 - ERROR - [in /home/erpfarm/workspace/farm-iot/data_processor.py:104]  
 Không tìm thấy thông tin cho ID: 181134ab4c24 -> uv4 -> start
2024-11-15 13:39:20,228 - ERROR - [in /home/erpfarm/workspace/farm-iot/data_processor.py:104]  
 Không tìm thấy thông tin cho ID: 181134ab4c24 -> uv4 -> start
2024-11-15 13:41:09,324 - INFO - [in /home/erpfarm/workspace/farm-iot/app.py:47] Start: GF-CICO
2024-11-15 13:41:09,324 - INFO - [in /home/erpfarm/workspace/farm-iot/app.py:60] Danh sách các cơ sở dữ liệu:
2024-11-15 13:41:09,328 - INFO - [in /home/erpfarm/workspace/farm-iot/app.py:61] [{'name': '_internal'}, {'name': 'cico_iot'}]
2024-11-15 13:41:09,360 - INFO - [in app.py:47] Start: GF-CICO
2024-11-15 13:41:09,360 - INFO - [in app.py:60] Danh sách các cơ sở dữ liệu:
2024-11-15 13:41:09,375 - INFO - [in app.py:61] [{'name': '_internal'}, {'name': 'cico_iot'}]
2024-11-15 13:41:09,831 - INFO - [in /home/erpfarm/workspace/farm-iot/app.py:47] Start: GF-CICO
2024-11-15 13:41:09,832 - INFO - [in /home/erpfarm/workspace/farm-iot/app.py:60] Danh sách các cơ sở dữ liệu:
2024-11-15 13:41:09,836 - INFO - [in /home/erpfarm/workspace/farm-iot/app.py:61] [{'name': '_internal'}, {'name': 'cico_iot'}]
2024-11-15 13:41:09,879 - INFO - [in /home/erpfarm/workspace/farm-iot/app.py:47] Start: GF-CICO
2024-11-15 13:41:09,880 - INFO - [in /home/erpfarm/workspace/farm-iot/app.py:60] Danh sách các cơ sở dữ liệu:
2024-11-15 13:41:09,883 - INFO - [in /home/erpfarm/workspace/farm-iot/app.py:61] [{'name': '_internal'}, {'name': 'cico_iot'}]
2024-11-15 13:45:19,981 - INFO - [in /home/erpfarm/workspace/farm-iot/app.py:47] Start: GF-CICO
2024-11-15 13:45:19,982 - INFO - [in /home/erpfarm/workspace/farm-iot/app.py:60] Danh sách các cơ sở dữ liệu:
2024-11-15 13:45:19,986 - INFO - [in /home/erpfarm/workspace/farm-iot/app.py:61] [{'name': '_internal'}, {'name': 'cico_iot'}]
2024-11-15 13:45:20,027 - INFO - [in app.py:47] Start: GF-CICO
2024-11-15 13:45:20,028 - INFO - [in app.py:60] Danh sách các cơ sở dữ liệu:
2024-11-15 13:45:20,034 - INFO - [in app.py:61] [{'name': '_internal'}, {'name': 'cico_iot'}]
2024-11-15 13:45:20,533 - INFO - [in /home/erpfarm/workspace/farm-iot/app.py:47] Start: GF-CICO
2024-11-15 13:45:20,533 - INFO - [in /home/erpfarm/workspace/farm-iot/app.py:60] Danh sách các cơ sở dữ liệu:
2024-11-15 13:45:20,538 - INFO - [in /home/erpfarm/workspace/farm-iot/app.py:61] [{'name': '_internal'}, {'name': 'cico_iot'}]
2024-11-15 13:45:20,576 - INFO - [in /home/erpfarm/workspace/farm-iot/app.py:47] Start: GF-CICO
2024-11-15 13:45:20,577 - INFO - [in /home/erpfarm/workspace/farm-iot/app.py:60] Danh sách các cơ sở dữ liệu:
2024-11-15 13:45:20,581 - INFO - [in /home/erpfarm/workspace/farm-iot/app.py:61] [{'name': '_internal'}, {'name': 'cico_iot'}]
2024-11-15 13:48:54,393 - INFO - [in /home/erpfarm/workspace/farm-iot/app.py:47] Start: GF-CICO
2024-11-15 13:48:54,394 - INFO - [in /home/erpfarm/workspace/farm-iot/app.py:60] Danh sách các cơ sở dữ liệu:
2024-11-15 13:48:54,399 - INFO - [in /home/erpfarm/workspace/farm-iot/app.py:61] [{'name': '_internal'}, {'name': 'cico_iot'}]
2024-11-15 13:48:54,861 - INFO - [in /home/erpfarm/workspace/farm-iot/app.py:47] Start: GF-CICO
2024-11-15 13:48:54,861 - INFO - [in /home/erpfarm/workspace/farm-iot/app.py:60] Danh sách các cơ sở dữ liệu:
2024-11-15 13:48:54,866 - INFO - [in /home/erpfarm/workspace/farm-iot/app.py:61] [{'name': '_internal'}, {'name': 'cico_iot'}]
2024-11-15 14:08:15,274 - ERROR - [in /home/erpfarm/workspace/farm-iot/app.py:667] 181134ab4c24
2024-11-15 14:08:15,276 - ERROR - [in /home/erpfarm/workspace/farm-iot/data_processor.py:104]  
 Không tìm thấy thông tin cho ID: 181134ab4c24 -> uv4 -> end
2024-11-15 14:08:16,278 - ERROR - [in /home/erpfarm/workspace/farm-iot/data_processor.py:104]  
 Không tìm thấy thông tin cho ID: 181134ab4c24 -> uv4 -> end
2024-11-15 14:08:17,280 - ERROR - [in /home/erpfarm/workspace/farm-iot/data_processor.py:104]  
 Không tìm thấy thông tin cho ID: 181134ab4c24 -> uv4 -> end
2024-11-15 14:33:12,833 - CRITICAL - [in /home/erpfarm/workspace/farm-iot/app.py:184] Giá trị của uv7 đã thay đổi từ 0 thành 1 với status: start
2024-11-15 14:33:12,835 - CRITICAL - [in /home/erpfarm/workspace/farm-iot/app.py:195] event_data = {'idchip': 'PLC_LOGO_1', 'ip': '10.16.40.151', 'version': '123', 'name': 'uv7', 'status': 'start'}
2024-11-15 14:33:17,801 - CRITICAL - [in /home/erpfarm/workspace/farm-iot/data_processor.py:82] 
 Dữ liệu process_data: {'mac_address': 'GF_TN4_CAMERA2', 'action_name': 'start', 'timer': '27'}
 Mã trạng thái HTTP server: 200, Phản hồi từ server: 200
2024-11-15 14:33:17,832 - CRITICAL - [in /home/erpfarm/workspace/farm-iot/app.py:184] Giá trị của uv7 đã thay đổi từ 0 thành 1 với status: start
2024-11-15 14:33:17,833 - CRITICAL - [in /home/erpfarm/workspace/farm-iot/app.py:195] event_data = {'idchip': 'PLC_LOGO_1', 'ip': '10.16.40.151', 'version': '123', 'name': 'uv7', 'status': 'start'}
2024-11-15 14:33:19,586 - CRITICAL - [in /home/erpfarm/workspace/farm-iot/data_processor.py:82] 
 Dữ liệu process_data: {'mac_address': 'GF_TN4_CAMERA2', 'action_name': 'start', 'timer': '27'}
 Mã trạng thái HTTP server: 200, Phản hồi từ server: 202
2024-11-15 14:33:20,221 - CRITICAL - [in /home/erpfarm/workspace/farm-iot/data_processor.py:82] 
 Dữ liệu process_data: {'mac_address': 'GF_TN4_CAMERA2', 'action_name': 'start', 'timer': '27'}
 Mã trạng thái HTTP server: 200, Phản hồi từ server: 202
2024-11-15 14:33:22,044 - CRITICAL - [in /home/erpfarm/workspace/farm-iot/data_processor.py:82] 
 Dữ liệu process_data: {'mac_address': 'GF_TN4_CAMERA2', 'action_name': 'start', 'timer': '27'}
 Mã trạng thái HTTP server: 200, Phản hồi từ server: 202
2024-11-15 14:33:22,660 - CRITICAL - [in /home/erpfarm/workspace/farm-iot/data_processor.py:82] 
 Dữ liệu process_data: {'mac_address': 'GF_TN4_CAMERA2', 'action_name': 'start', 'timer': '27'}
 Mã trạng thái HTTP server: 200, Phản hồi từ server: 202
2024-11-15 14:33:24,443 - CRITICAL - [in /home/erpfarm/workspace/farm-iot/data_processor.py:82] 
 Dữ liệu process_data: {'mac_address': 'GF_TN4_CAMERA2', 'action_name': 'start', 'timer': '27'}
 Mã trạng thái HTTP server: 200, Phản hồi từ server: 202
2024-11-15 15:03:12,819 - CRITICAL - [in /home/erpfarm/workspace/farm-iot/app.py:184] Giá trị của uv7 đã thay đổi từ 1 thành 0 với status: end
2024-11-15 15:03:12,819 - CRITICAL - [in /home/erpfarm/workspace/farm-iot/app.py:195] event_data = {'idchip': 'PLC_LOGO_1', 'ip': '10.16.40.151', 'version': '123', 'name': 'uv7', 'status': 'end'}
2024-11-15 15:03:17,415 - CRITICAL - [in /home/erpfarm/workspace/farm-iot/data_processor.py:82] 
 Dữ liệu process_data: {'mac_address': 'GF_TN4_CAMERA2', 'action_name': 'end', 'timer': '27'}
 Mã trạng thái HTTP server: 200, Phản hồi từ server: 200
2024-11-15 15:03:17,819 - CRITICAL - [in /home/erpfarm/workspace/farm-iot/app.py:184] Giá trị của uv7 đã thay đổi từ 1 thành 0 với status: end
2024-11-15 15:03:17,819 - CRITICAL - [in /home/erpfarm/workspace/farm-iot/app.py:195] event_data = {'idchip': 'PLC_LOGO_1', 'ip': '10.16.40.151', 'version': '123', 'name': 'uv7', 'status': 'end'}
2024-11-15 15:03:19,247 - CRITICAL - [in /home/erpfarm/workspace/farm-iot/data_processor.py:82] 
 Dữ liệu process_data: {'mac_address': 'GF_TN4_CAMERA2', 'action_name': 'end', 'timer': '27'}
 Mã trạng thái HTTP server: 200, Phản hồi từ server: 201
2024-11-15 15:03:19,705 - CRITICAL - [in /home/erpfarm/workspace/farm-iot/data_processor.py:82] 
 Dữ liệu process_data: {'mac_address': 'GF_TN4_CAMERA2', 'action_name': 'end', 'timer': '27'}
 Mã trạng thái HTTP server: 200, Phản hồi từ server: 201
2024-11-15 15:03:21,553 - CRITICAL - [in /home/erpfarm/workspace/farm-iot/data_processor.py:82] 
 Dữ liệu process_data: {'mac_address': 'GF_TN4_CAMERA2', 'action_name': 'end', 'timer': '27'}
 Mã trạng thái HTTP server: 200, Phản hồi từ server: 201
2024-11-15 15:03:22,040 - CRITICAL - [in /home/erpfarm/workspace/farm-iot/data_processor.py:82] 
 Dữ liệu process_data: {'mac_address': 'GF_TN4_CAMERA2', 'action_name': 'end', 'timer': '27'}
 Mã trạng thái HTTP server: 200, Phản hồi từ server: 201
2024-11-15 15:03:23,861 - CRITICAL - [in /home/erpfarm/workspace/farm-iot/data_processor.py:82] 
 Dữ liệu process_data: {'mac_address': 'GF_TN4_CAMERA2', 'action_name': 'end', 'timer': '27'}
 Mã trạng thái HTTP server: 200, Phản hồi từ server: 201
2024-11-15 16:42:12,138 - ERROR - [in /home/erpfarm/workspace/farm-iot/app.py:160] Reported data is not in the expected format.
2024-11-15 16:45:11,814 - ERROR - [in /home/erpfarm/workspace/farm-iot/app.py:160] Reported data is not in the expected format.
2024-11-15 16:46:23,863 - CRITICAL - [in /home/erpfarm/workspace/farm-iot/app.py:184] Giá trị của uv3 đã thay đổi từ 0 thành 1 với status: start
2024-11-15 16:46:23,864 - CRITICAL - [in /home/erpfarm/workspace/farm-iot/app.py:195] event_data = {'idchip': 'PLC_LOGO_1', 'ip': '10.16.40.151', 'version': '123', 'name': 'uv3', 'status': 'start'}
2024-11-15 16:46:28,794 - CRITICAL - [in /home/erpfarm/workspace/farm-iot/data_processor.py:82] 
 Dữ liệu process_data: {'mac_address': 'GF_TN4_CAMERA1', 'action_name': 'start', 'timer': '87'}
 Mã trạng thái HTTP server: 200, Phản hồi từ server: 200
2024-11-15 16:46:28,864 - CRITICAL - [in /home/erpfarm/workspace/farm-iot/app.py:184] Giá trị của uv3 đã thay đổi từ 0 thành 1 với status: start
2024-11-15 16:46:28,865 - CRITICAL - [in /home/erpfarm/workspace/farm-iot/app.py:195] event_data = {'idchip': 'PLC_LOGO_1', 'ip': '10.16.40.151', 'version': '123', 'name': 'uv3', 'status': 'start'}
2024-11-15 16:46:30,579 - CRITICAL - [in /home/erpfarm/workspace/farm-iot/data_processor.py:82] 
 Dữ liệu process_data: {'mac_address': 'GF_TN4_CAMERA1', 'action_name': 'start', 'timer': '87'}
 Mã trạng thái HTTP server: 200, Phản hồi từ server: 202
2024-11-15 16:46:31,203 - CRITICAL - [in /home/erpfarm/workspace/farm-iot/data_processor.py:82] 
 Dữ liệu process_data: {'mac_address': 'GF_TN4_CAMERA1', 'action_name': 'start', 'timer': '87'}
 Mã trạng thái HTTP server: 200, Phản hồi từ server: 202
2024-11-15 16:46:32,819 - CRITICAL - [in /home/erpfarm/workspace/farm-iot/data_processor.py:82] 
 Dữ liệu process_data: {'mac_address': 'GF_TN4_CAMERA1', 'action_name': 'start', 'timer': '87'}
 Mã trạng thái HTTP server: 200, Phản hồi từ server: 202
2024-11-15 16:46:33,486 - CRITICAL - [in /home/erpfarm/workspace/farm-iot/data_processor.py:82] 
 Dữ liệu process_data: {'mac_address': 'GF_TN4_CAMERA1', 'action_name': 'start', 'timer': '87'}
 Mã trạng thái HTTP server: 200, Phản hồi từ server: 202
2024-11-15 16:46:35,184 - CRITICAL - [in /home/erpfarm/workspace/farm-iot/data_processor.py:82] 
 Dữ liệu process_data: {'mac_address': 'GF_TN4_CAMERA1', 'action_name': 'start', 'timer': '87'}
 Mã trạng thái HTTP server: 200, Phản hồi từ server: 202
2024-11-15 16:46:41,969 - ERROR - [in /home/erpfarm/workspace/farm-iot/app.py:667] 181134ab4c24
2024-11-15 16:46:45,472 - CRITICAL - [in /home/erpfarm/workspace/farm-iot/data_processor.py:82] 
 Dữ liệu process_data: {'mac_address': 'GF_TN4_2_CAMERA3', 'action_name': 'start', 'timer': '86'}
 Mã trạng thái HTTP server: 200, Phản hồi từ server: 200
2024-11-15 16:46:47,728 - CRITICAL - [in /home/erpfarm/workspace/farm-iot/data_processor.py:82] 
 Dữ liệu process_data: {'mac_address': 'GF_TN4_2_CAMERA3', 'action_name': 'start', 'timer': '86'}
 Mã trạng thái HTTP server: 200, Phản hồi từ server: 202
2024-11-15 16:46:49,984 - CRITICAL - [in /home/erpfarm/workspace/farm-iot/data_processor.py:82] 
 Dữ liệu process_data: {'mac_address': 'GF_TN4_2_CAMERA3', 'action_name': 'start', 'timer': '86'}
 Mã trạng thái HTTP server: 200, Phản hồi từ server: 202
2024-11-15 16:47:23,863 - CRITICAL - [in /home/erpfarm/workspace/farm-iot/app.py:184] Giá trị của uv5 đã thay đổi từ 0 thành 1 với status: start
2024-11-15 16:47:23,863 - CRITICAL - [in /home/erpfarm/workspace/farm-iot/app.py:195] event_data = {'idchip': 'PLC_LOGO_1', 'ip': '10.16.40.151', 'version': '123', 'name': 'uv5', 'status': 'start'}
2024-11-15 16:47:27,206 - CRITICAL - [in /home/erpfarm/workspace/farm-iot/data_processor.py:82] 
 Dữ liệu process_data: {'mac_address': 'GF_TN4_CAMERA5', 'action_name': 'start', 'timer': '30'}
 Mã trạng thái HTTP server: 200, Phản hồi từ server: 200
2024-11-15 16:47:28,863 - CRITICAL - [in /home/erpfarm/workspace/farm-iot/app.py:184] Giá trị của uv5 đã thay đổi từ 0 thành 1 với status: start
2024-11-15 16:47:28,863 - CRITICAL - [in /home/erpfarm/workspace/farm-iot/app.py:195] event_data = {'idchip': 'PLC_LOGO_1', 'ip': '10.16.40.151', 'version': '123', 'name': 'uv5', 'status': 'start'}
2024-11-15 16:47:29,509 - CRITICAL - [in /home/erpfarm/workspace/farm-iot/data_processor.py:82] 
 Dữ liệu process_data: {'mac_address': 'GF_TN4_CAMERA5', 'action_name': 'start', 'timer': '30'}
 Mã trạng thái HTTP server: 200, Phản hồi từ server: 202
2024-11-15 16:47:30,143 - CRITICAL - [in /home/erpfarm/workspace/farm-iot/data_processor.py:82] 
 Dữ liệu process_data: {'mac_address': 'GF_TN4_CAMERA5', 'action_name': 'start', 'timer': '30'}
 Mã trạng thái HTTP server: 200, Phản hồi từ server: 202
2024-11-15 16:47:31,850 - CRITICAL - [in /home/erpfarm/workspace/farm-iot/data_processor.py:82] 
 Dữ liệu process_data: {'mac_address': 'GF_TN4_CAMERA5', 'action_name': 'start', 'timer': '30'}
 Mã trạng thái HTTP server: 200, Phản hồi từ server: 202
2024-11-15 16:47:32,462 - CRITICAL - [in /home/erpfarm/workspace/farm-iot/data_processor.py:82] 
 Dữ liệu process_data: {'mac_address': 'GF_TN4_CAMERA5', 'action_name': 'start', 'timer': '30'}
 Mã trạng thái HTTP server: 200, Phản hồi từ server: 202
2024-11-15 16:47:34,698 - CRITICAL - [in /home/erpfarm/workspace/farm-iot/data_processor.py:82] 
 Dữ liệu process_data: {'mac_address': 'GF_TN4_CAMERA5', 'action_name': 'start', 'timer': '30'}
 Mã trạng thái HTTP server: 200, Phản hồi từ server: 202
2024-11-15 16:49:30,584 - ERROR - [in /home/erpfarm/workspace/farm-iot/app.py:667] 181134ab4c24
2024-11-15 16:49:34,071 - CRITICAL - [in /home/erpfarm/workspace/farm-iot/data_processor.py:82] 
 Dữ liệu process_data: {'mac_address': 'GF_TN4_2_CAMERA1', 'action_name': 'start', 'timer': '86'}
 Mã trạng thái HTTP server: 200, Phản hồi từ server: 200
2024-11-15 16:49:36,449 - CRITICAL - [in /home/erpfarm/workspace/farm-iot/data_processor.py:82] 
 Dữ liệu process_data: {'mac_address': 'GF_TN4_2_CAMERA1', 'action_name': 'start', 'timer': '86'}
 Mã trạng thái HTTP server: 200, Phản hồi từ server: 202
2024-11-15 16:49:38,692 - CRITICAL - [in /home/erpfarm/workspace/farm-iot/data_processor.py:82] 
 Dữ liệu process_data: {'mac_address': 'GF_TN4_2_CAMERA1', 'action_name': 'start', 'timer': '86'}
 Mã trạng thái HTTP server: 200, Phản hồi từ server: 202
2024-11-15 16:51:02,861 - CRITICAL - [in /home/erpfarm/workspace/farm-iot/app.py:184] Giá trị của uv7 đã thay đổi từ 0 thành 1 với status: start
2024-11-15 16:51:02,861 - CRITICAL - [in /home/erpfarm/workspace/farm-iot/app.py:195] event_data = {'idchip': 'PLC_LOGO_1', 'ip': '10.16.40.151', 'version': '123', 'name': 'uv7', 'status': 'start'}
2024-11-15 16:51:06,244 - CRITICAL - [in /home/erpfarm/workspace/farm-iot/data_processor.py:82] 
 Dữ liệu process_data: {'mac_address': 'GF_TN4_CAMERA2', 'action_name': 'start', 'timer': '27'}
 Mã trạng thái HTTP server: 200, Phản hồi từ server: 200
2024-11-15 16:51:07,861 - CRITICAL - [in /home/erpfarm/workspace/farm-iot/app.py:184] Giá trị của uv7 đã thay đổi từ 0 thành 1 với status: start
2024-11-15 16:51:07,861 - CRITICAL - [in /home/erpfarm/workspace/farm-iot/app.py:195] event_data = {'idchip': 'PLC_LOGO_1', 'ip': '10.16.40.151', 'version': '123', 'name': 'uv7', 'status': 'start'}
2024-11-15 16:51:08,573 - CRITICAL - [in /home/erpfarm/workspace/farm-iot/data_processor.py:82] 
 Dữ liệu process_data: {'mac_address': 'GF_TN4_CAMERA2', 'action_name': 'start', 'timer': '27'}
 Mã trạng thái HTTP server: 200, Phản hồi từ server: 202
2024-11-15 16:51:09,188 - CRITICAL - [in /home/erpfarm/workspace/farm-iot/data_processor.py:82] 
 Dữ liệu process_data: {'mac_address': 'GF_TN4_CAMERA2', 'action_name': 'start', 'timer': '27'}
 Mã trạng thái HTTP server: 200, Phản hồi từ server: 202
2024-11-15 16:51:10,917 - CRITICAL - [in /home/erpfarm/workspace/farm-iot/data_processor.py:82] 
 Dữ liệu process_data: {'mac_address': 'GF_TN4_CAMERA2', 'action_name': 'start', 'timer': '27'}
 Mã trạng thái HTTP server: 200, Phản hồi từ server: 202
2024-11-15 16:51:11,647 - CRITICAL - [in /home/erpfarm/workspace/farm-iot/data_processor.py:82] 
 Dữ liệu process_data: {'mac_address': 'GF_TN4_CAMERA2', 'action_name': 'start', 'timer': '27'}
 Mã trạng thái HTTP server: 200, Phản hồi từ server: 202
2024-11-15 16:51:13,916 - CRITICAL - [in /home/erpfarm/workspace/farm-iot/data_processor.py:82] 
 Dữ liệu process_data: {'mac_address': 'GF_TN4_CAMERA2', 'action_name': 'start', 'timer': '27'}
 Mã trạng thái HTTP server: 200, Phản hồi từ server: 202
2024-11-15 16:57:49,859 - CRITICAL - [in /home/erpfarm/workspace/farm-iot/app.py:184] Giá trị của uv4 đã thay đổi từ 0 thành 1 với status: start
2024-11-15 16:57:49,860 - CRITICAL - [in /home/erpfarm/workspace/farm-iot/app.py:195] event_data = {'idchip': 'PLC_LOGO_1', 'ip': '10.16.40.151', 'version': '123', 'name': 'uv4', 'status': 'start'}
2024-11-15 16:57:54,858 - CRITICAL - [in /home/erpfarm/workspace/farm-iot/app.py:184] Giá trị của uv4 đã thay đổi từ 0 thành 1 với status: start
2024-11-15 16:57:54,859 - CRITICAL - [in /home/erpfarm/workspace/farm-iot/app.py:195] event_data = {'idchip': 'PLC_LOGO_1', 'ip': '10.16.40.151', 'version': '123', 'name': 'uv4', 'status': 'start'}
2024-11-15 16:57:55,224 - CRITICAL - [in /home/erpfarm/workspace/farm-iot/data_processor.py:82] 
 Dữ liệu process_data: {'mac_address': 'GF_TN4_CAMERA3', 'action_name': 'start', 'timer': '87'}
 Mã trạng thái HTTP server: 200, Phản hồi từ server: 200
2024-11-15 16:57:56,138 - CRITICAL - [in /home/erpfarm/workspace/farm-iot/data_processor.py:82] 
 Dữ liệu process_data: {'mac_address': 'GF_TN4_CAMERA3', 'action_name': 'start', 'timer': '87'}
 Mã trạng thái HTTP server: 200, Phản hồi từ server: 202
2024-11-15 16:57:57,624 - CRITICAL - [in /home/erpfarm/workspace/farm-iot/data_processor.py:82] 
 Dữ liệu process_data: {'mac_address': 'GF_TN4_CAMERA3', 'action_name': 'start', 'timer': '87'}
 Mã trạng thái HTTP server: 200, Phản hồi từ server: 202
2024-11-15 16:57:58,439 - CRITICAL - [in /home/erpfarm/workspace/farm-iot/data_processor.py:82] 
 Dữ liệu process_data: {'mac_address': 'GF_TN4_CAMERA3', 'action_name': 'start', 'timer': '87'}
 Mã trạng thái HTTP server: 200, Phản hồi từ server: 202
2024-11-15 16:58:00,741 - CRITICAL - [in /home/erpfarm/workspace/farm-iot/data_processor.py:82] 
 Dữ liệu process_data: {'mac_address': 'GF_TN4_CAMERA3', 'action_name': 'start', 'timer': '87'}
 Mã trạng thái HTTP server: 200, Phản hồi từ server: 202
2024-11-15 17:03:17,244 - ERROR - [in /home/erpfarm/workspace/farm-iot/app.py:160] Reported data is not in the expected format.
2024-11-15 17:03:17,273 - CRITICAL - [in /home/erpfarm/workspace/farm-iot/app.py:184] Giá trị của uv3 đã thay đổi từ 1 thành 0 với status: end
2024-11-15 17:03:17,274 - CRITICAL - [in /home/erpfarm/workspace/farm-iot/app.py:195] event_data = {'idchip': 'PLC_LOGO_1', 'ip': '10.16.40.151', 'version': '123', 'name': 'uv3', 'status': 'end'}
2024-11-15 17:03:17,276 - CRITICAL - [in /home/erpfarm/workspace/farm-iot/app.py:184] Giá trị của uv4 đã thay đổi từ 1 thành 0 với status: end
2024-11-15 17:03:17,276 - CRITICAL - [in /home/erpfarm/workspace/farm-iot/app.py:195] event_data = {'idchip': 'PLC_LOGO_1', 'ip': '10.16.40.151', 'version': '123', 'name': 'uv4', 'status': 'end'}
2024-11-15 17:03:17,279 - CRITICAL - [in /home/erpfarm/workspace/farm-iot/app.py:184] Giá trị của uv5 đã thay đổi từ 1 thành 0 với status: end
2024-11-15 17:03:17,280 - CRITICAL - [in /home/erpfarm/workspace/farm-iot/app.py:195] event_data = {'idchip': 'PLC_LOGO_1', 'ip': '10.16.40.151', 'version': '123', 'name': 'uv5', 'status': 'end'}
2024-11-15 17:03:17,282 - CRITICAL - [in /home/erpfarm/workspace/farm-iot/app.py:184] Giá trị của uv7 đã thay đổi từ 1 thành 0 với status: end
2024-11-15 17:03:17,282 - CRITICAL - [in /home/erpfarm/workspace/farm-iot/app.py:195] event_data = {'idchip': 'PLC_LOGO_1', 'ip': '10.16.40.151', 'version': '123', 'name': 'uv7', 'status': 'end'}
2024-11-15 17:03:20,666 - CRITICAL - [in /home/erpfarm/workspace/farm-iot/data_processor.py:82] 
 Dữ liệu process_data: {'mac_address': 'GF_TN4_CAMERA1', 'action_name': 'end', 'timer': '87'}
 Mã trạng thái HTTP server: 200, Phản hồi từ server: 200
2024-11-15 17:03:22,274 - CRITICAL - [in /home/erpfarm/workspace/farm-iot/app.py:184] Giá trị của uv3 đã thay đổi từ 1 thành 0 với status: end
2024-11-15 17:03:22,275 - CRITICAL - [in /home/erpfarm/workspace/farm-iot/app.py:195] event_data = {'idchip': 'PLC_LOGO_1', 'ip': '10.16.40.151', 'version': '123', 'name': 'uv3', 'status': 'end'}
2024-11-15 17:03:22,275 - CRITICAL - [in /home/erpfarm/workspace/farm-iot/app.py:184] Giá trị của uv4 đã thay đổi từ 1 thành 0 với status: end
2024-11-15 17:03:22,275 - CRITICAL - [in /home/erpfarm/workspace/farm-iot/app.py:195] event_data = {'idchip': 'PLC_LOGO_1', 'ip': '10.16.40.151', 'version': '123', 'name': 'uv4', 'status': 'end'}
2024-11-15 17:03:22,277 - CRITICAL - [in /home/erpfarm/workspace/farm-iot/app.py:184] Giá trị của uv5 đã thay đổi từ 1 thành 0 với status: end
2024-11-15 17:03:22,277 - CRITICAL - [in /home/erpfarm/workspace/farm-iot/app.py:195] event_data = {'idchip': 'PLC_LOGO_1', 'ip': '10.16.40.151', 'version': '123', 'name': 'uv5', 'status': 'end'}
2024-11-15 17:03:22,278 - CRITICAL - [in /home/erpfarm/workspace/farm-iot/app.py:184] Giá trị của uv7 đã thay đổi từ 1 thành 0 với status: end
2024-11-15 17:03:22,278 - CRITICAL - [in /home/erpfarm/workspace/farm-iot/app.py:195] event_data = {'idchip': 'PLC_LOGO_1', 'ip': '10.16.40.151', 'version': '123', 'name': 'uv7', 'status': 'end'}
2024-11-15 17:03:22,982 - CRITICAL - [in /home/erpfarm/workspace/farm-iot/data_processor.py:82] 
 Dữ liệu process_data: {'mac_address': 'GF_TN4_CAMERA1', 'action_name': 'end', 'timer': '87'}
 Mã trạng thái HTTP server: 200, Phản hồi từ server: 201
2024-11-15 17:03:24,573 - CRITICAL - [in /home/erpfarm/workspace/farm-iot/data_processor.py:82] 
 Dữ liệu process_data: {'mac_address': 'GF_TN4_CAMERA1', 'action_name': 'end', 'timer': '87'}
 Mã trạng thái HTTP server: 200, Phản hồi từ server: 201
2024-11-15 17:03:25,252 - CRITICAL - [in /home/erpfarm/workspace/farm-iot/data_processor.py:82] 
 Dữ liệu process_data: {'mac_address': 'GF_TN4_CAMERA1', 'action_name': 'end', 'timer': '87'}
 Mã trạng thái HTTP server: 200, Phản hồi từ server: 201
2024-11-15 17:03:26,878 - CRITICAL - [in /home/erpfarm/workspace/farm-iot/data_processor.py:82] 
 Dữ liệu process_data: {'mac_address': 'GF_TN4_CAMERA1', 'action_name': 'end', 'timer': '87'}
 Mã trạng thái HTTP server: 200, Phản hồi từ server: 201
2024-11-15 17:03:27,614 - CRITICAL - [in /home/erpfarm/workspace/farm-iot/data_processor.py:82] 
 Dữ liệu process_data: {'mac_address': 'GF_TN4_CAMERA3', 'action_name': 'end', 'timer': '87'}
 Mã trạng thái HTTP server: 200, Phản hồi từ server: 200
2024-11-15 17:03:29,172 - CRITICAL - [in /home/erpfarm/workspace/farm-iot/data_processor.py:82] 
 Dữ liệu process_data: {'mac_address': 'GF_TN4_CAMERA3', 'action_name': 'end', 'timer': '87'}
 Mã trạng thái HTTP server: 200, Phản hồi từ server: 201
2024-11-15 17:03:30,129 - CRITICAL - [in /home/erpfarm/workspace/farm-iot/data_processor.py:82] 
 Dữ liệu process_data: {'mac_address': 'GF_TN4_CAMERA3', 'action_name': 'end', 'timer': '87'}
 Mã trạng thái HTTP server: 200, Phản hồi từ server: 201
2024-11-15 17:03:31,533 - CRITICAL - [in /home/erpfarm/workspace/farm-iot/data_processor.py:82] 
 Dữ liệu process_data: {'mac_address': 'GF_TN4_CAMERA3', 'action_name': 'end', 'timer': '87'}
 Mã trạng thái HTTP server: 200, Phản hồi từ server: 201
2024-11-15 17:03:32,546 - CRITICAL - [in /home/erpfarm/workspace/farm-iot/data_processor.py:82] 
 Dữ liệu process_data: {'mac_address': 'GF_TN4_CAMERA3', 'action_name': 'end', 'timer': '87'}
 Mã trạng thái HTTP server: 200, Phản hồi từ server: 201
2024-11-15 17:03:33,293 - CRITICAL - [in /home/erpfarm/workspace/farm-iot/app.py:184] Giá trị của uv3 đã thay đổi từ 0 thành 1 với status: start
2024-11-15 17:03:33,293 - CRITICAL - [in /home/erpfarm/workspace/farm-iot/app.py:195] event_data = {'idchip': 'PLC_LOGO_1', 'ip': '10.16.40.151', 'version': '123', 'name': 'uv3', 'status': 'start'}
2024-11-15 17:03:34,006 - CRITICAL - [in /home/erpfarm/workspace/farm-iot/data_processor.py:82] 
 Dữ liệu process_data: {'mac_address': 'GF_TN4_CAMERA3', 'action_name': 'end', 'timer': '87'}
 Mã trạng thái HTTP server: 200, Phản hồi từ server: 201
2024-11-15 17:03:36,305 - CRITICAL - [in /home/erpfarm/workspace/farm-iot/data_processor.py:82] 
 Dữ liệu process_data: {'mac_address': 'GF_TN4_CAMERA5', 'action_name': 'end', 'timer': '30'}
 Mã trạng thái HTTP server: 200, Phản hồi từ server: 201
2024-11-15 17:03:37,136 - CRITICAL - [in /home/erpfarm/workspace/farm-iot/data_processor.py:82] 
 Dữ liệu process_data: {'mac_address': 'GF_TN4_CAMERA5', 'action_name': 'end', 'timer': '30'}
 Mã trạng thái HTTP server: 200, Phản hồi từ server: 200
2024-11-15 17:03:38,272 - CRITICAL - [in /home/erpfarm/workspace/farm-iot/app.py:184] Giá trị của uv4 đã thay đổi từ 0 thành 1 với status: start
2024-11-15 17:03:38,272 - CRITICAL - [in /home/erpfarm/workspace/farm-iot/app.py:195] event_data = {'idchip': 'PLC_LOGO_1', 'ip': '10.16.40.151', 'version': '123', 'name': 'uv4', 'status': 'start'}
2024-11-15 17:03:38,635 - CRITICAL - [in /home/erpfarm/workspace/farm-iot/data_processor.py:82] 
 Dữ liệu process_data: {'mac_address': 'GF_TN4_CAMERA5', 'action_name': 'end', 'timer': '30'}
 Mã trạng thái HTTP server: 200, Phản hồi từ server: 201
2024-11-15 17:03:39,269 - CRITICAL - [in /home/erpfarm/workspace/farm-iot/app.py:184] Giá trị của uv3 đã thay đổi từ 0 thành 1 với status: start
2024-11-15 17:03:39,270 - CRITICAL - [in /home/erpfarm/workspace/farm-iot/app.py:195] event_data = {'idchip': 'PLC_LOGO_1', 'ip': '10.16.40.151', 'version': '123', 'name': 'uv3', 'status': 'start'}
2024-11-15 17:03:39,418 - CRITICAL - [in /home/erpfarm/workspace/farm-iot/data_processor.py:82] 
 Dữ liệu process_data: {'mac_address': 'GF_TN4_CAMERA5', 'action_name': 'end', 'timer': '30'}
 Mã trạng thái HTTP server: 200, Phản hồi từ server: 201
2024-11-15 17:03:40,976 - CRITICAL - [in /home/erpfarm/workspace/farm-iot/data_processor.py:82] 
 Dữ liệu process_data: {'mac_address': 'GF_TN4_CAMERA5', 'action_name': 'end', 'timer': '30'}
 Mã trạng thái HTTP server: 200, Phản hồi từ server: 201
2024-11-15 17:03:41,691 - CRITICAL - [in /home/erpfarm/workspace/farm-iot/data_processor.py:82] 
 Dữ liệu process_data: {'mac_address': 'GF_TN4_CAMERA5', 'action_name': 'end', 'timer': '30'}
 Mã trạng thái HTTP server: 200, Phản hồi từ server: 201
2024-11-15 17:03:44,011 - CRITICAL - [in /home/erpfarm/workspace/farm-iot/data_processor.py:82] 
 Dữ liệu process_data: {'mac_address': 'GF_TN4_CAMERA2', 'action_name': 'end', 'timer': '27'}
 Mã trạng thái HTTP server: 200, Phản hồi từ server: 201
2024-11-15 17:03:44,276 - CRITICAL - [in /home/erpfarm/workspace/farm-iot/app.py:184] Giá trị của uv4 đã thay đổi từ 0 thành 1 với status: start
2024-11-15 17:03:44,276 - CRITICAL - [in /home/erpfarm/workspace/farm-iot/app.py:195] event_data = {'idchip': 'PLC_LOGO_1', 'ip': '10.16.40.151', 'version': '123', 'name': 'uv4', 'status': 'start'}
2024-11-15 17:03:45,309 - CRITICAL - [in /home/erpfarm/workspace/farm-iot/data_processor.py:82] 
 Dữ liệu process_data: {'mac_address': 'GF_TN4_CAMERA2', 'action_name': 'end', 'timer': '27'}
 Mã trạng thái HTTP server: 200, Phản hồi từ server: 200
2024-11-15 17:03:46,367 - CRITICAL - [in /home/erpfarm/workspace/farm-iot/data_processor.py:82] 
 Dữ liệu process_data: {'mac_address': 'GF_TN4_CAMERA2', 'action_name': 'end', 'timer': '27'}
 Mã trạng thái HTTP server: 200, Phản hồi từ server: 201
2024-11-15 17:03:47,757 - CRITICAL - [in /home/erpfarm/workspace/farm-iot/data_processor.py:82] 
 Dữ liệu process_data: {'mac_address': 'GF_TN4_CAMERA2', 'action_name': 'end', 'timer': '27'}
 Mã trạng thái HTTP server: 200, Phản hồi từ server: 201
2024-11-15 17:03:48,695 - CRITICAL - [in /home/erpfarm/workspace/farm-iot/data_processor.py:82] 
 Dữ liệu process_data: {'mac_address': 'GF_TN4_CAMERA2', 'action_name': 'end', 'timer': '27'}
 Mã trạng thái HTTP server: 200, Phản hồi từ server: 201
2024-11-15 17:03:50,164 - CRITICAL - [in /home/erpfarm/workspace/farm-iot/data_processor.py:82] 
 Dữ liệu process_data: {'mac_address': 'GF_TN4_CAMERA2', 'action_name': 'end', 'timer': '27'}
 Mã trạng thái HTTP server: 200, Phản hồi từ server: 201
2024-11-15 17:03:53,225 - CRITICAL - [in /home/erpfarm/workspace/farm-iot/data_processor.py:82] 
 Dữ liệu process_data: {'mac_address': 'GF_TN4_CAMERA1', 'action_name': 'start', 'timer': '87'}
 Mã trạng thái HTTP server: 200, Phản hồi từ server: 200
2024-11-15 17:03:54,504 - CRITICAL - [in /home/erpfarm/workspace/farm-iot/data_processor.py:82] 
 Dữ liệu process_data: {'mac_address': 'GF_TN4_CAMERA3', 'action_name': 'start', 'timer': '87'}
 Mã trạng thái HTTP server: 200, Phản hồi từ server: 200
2024-11-15 17:03:55,753 - CRITICAL - [in /home/erpfarm/workspace/farm-iot/data_processor.py:82] 
 Dữ liệu process_data: {'mac_address': 'GF_TN4_CAMERA1', 'action_name': 'start', 'timer': '87'}
 Mã trạng thái HTTP server: 200, Phản hồi từ server: 202
2024-11-15 17:03:56,768 - CRITICAL - [in /home/erpfarm/workspace/farm-iot/data_processor.py:82] 
 Dữ liệu process_data: {'mac_address': 'GF_TN4_CAMERA3', 'action_name': 'start', 'timer': '87'}
 Mã trạng thái HTTP server: 200, Phản hồi từ server: 202
2024-11-15 17:03:58,414 - CRITICAL - [in /home/erpfarm/workspace/farm-iot/data_processor.py:82] 
 Dữ liệu process_data: {'mac_address': 'GF_TN4_CAMERA1', 'action_name': 'start', 'timer': '87'}
 Mã trạng thái HTTP server: 200, Phản hồi từ server: 202
2024-11-15 17:03:59,116 - CRITICAL - [in /home/erpfarm/workspace/farm-iot/data_processor.py:82] 
 Dữ liệu process_data: {'mac_address': 'GF_TN4_CAMERA3', 'action_name': 'start', 'timer': '87'}
 Mã trạng thái HTTP server: 200, Phản hồi từ server: 202
2024-11-15 17:04:00,722 - CRITICAL - [in /home/erpfarm/workspace/farm-iot/data_processor.py:82] 
 Dữ liệu process_data: {'mac_address': 'GF_TN4_CAMERA1', 'action_name': 'start', 'timer': '87'}
 Mã trạng thái HTTP server: 200, Phản hồi từ server: 202
2024-11-15 17:04:01,360 - CRITICAL - [in /home/erpfarm/workspace/farm-iot/data_processor.py:82] 
 Dữ liệu process_data: {'mac_address': 'GF_TN4_CAMERA3', 'action_name': 'start', 'timer': '87'}
 Mã trạng thái HTTP server: 200, Phản hồi từ server: 202
2024-11-15 17:04:03,109 - CRITICAL - [in /home/erpfarm/workspace/farm-iot/data_processor.py:82] 
 Dữ liệu process_data: {'mac_address': 'GF_TN4_CAMERA1', 'action_name': 'start', 'timer': '87'}
 Mã trạng thái HTTP server: 200, Phản hồi từ server: 202
2024-11-15 17:04:03,815 - CRITICAL - [in /home/erpfarm/workspace/farm-iot/data_processor.py:82] 
 Dữ liệu process_data: {'mac_address': 'GF_TN4_CAMERA3', 'action_name': 'start', 'timer': '87'}
 Mã trạng thái HTTP server: 200, Phản hồi từ server: 202
2024-11-15 17:04:05,403 - CRITICAL - [in /home/erpfarm/workspace/farm-iot/data_processor.py:82] 
 Dữ liệu process_data: {'mac_address': 'GF_TN4_CAMERA1', 'action_name': 'start', 'timer': '87'}
 Mã trạng thái HTTP server: 200, Phản hồi từ server: 202
2024-11-15 17:04:06,085 - CRITICAL - [in /home/erpfarm/workspace/farm-iot/data_processor.py:82] 
 Dữ liệu process_data: {'mac_address': 'GF_TN4_CAMERA3', 'action_name': 'start', 'timer': '87'}
 Mã trạng thái HTTP server: 200, Phản hồi từ server: 202
2024-11-15 17:04:50,274 - CRITICAL - [in /home/erpfarm/workspace/farm-iot/app.py:184] Giá trị của uv6 đã thay đổi từ 0 thành 1 với status: start
2024-11-15 17:04:50,275 - CRITICAL - [in /home/erpfarm/workspace/farm-iot/app.py:195] event_data = {'idchip': 'PLC_LOGO_1', 'ip': '10.16.40.151', 'version': '123', 'name': 'uv6', 'status': 'start'}
2024-11-15 17:04:54,836 - CRITICAL - [in /home/erpfarm/workspace/farm-iot/data_processor.py:82] 
 Dữ liệu process_data: {'mac_address': 'GF_TN4_CAMERA6', 'action_name': 'start', 'timer': '30'}
 Mã trạng thái HTTP server: 200, Phản hồi từ server: 200
2024-11-15 17:04:56,272 - CRITICAL - [in /home/erpfarm/workspace/farm-iot/app.py:184] Giá trị của uv6 đã thay đổi từ 0 thành 1 với status: start
2024-11-15 17:04:56,273 - CRITICAL - [in /home/erpfarm/workspace/farm-iot/app.py:195] event_data = {'idchip': 'PLC_LOGO_1', 'ip': '10.16.40.151', 'version': '123', 'name': 'uv6', 'status': 'start'}
2024-11-15 17:04:57,133 - CRITICAL - [in /home/erpfarm/workspace/farm-iot/data_processor.py:82] 
 Dữ liệu process_data: {'mac_address': 'GF_TN4_CAMERA6', 'action_name': 'start', 'timer': '30'}
 Mã trạng thái HTTP server: 200, Phản hồi từ server: 202
2024-11-15 17:04:59,450 - CRITICAL - [in /home/erpfarm/workspace/farm-iot/data_processor.py:82] 
 Dữ liệu process_data: {'mac_address': 'GF_TN4_CAMERA6', 'action_name': 'start', 'timer': '30'}
 Mã trạng thái HTTP server: 200, Phản hồi từ server: 202
2024-11-15 17:05:00,269 - CRITICAL - [in /home/erpfarm/workspace/farm-iot/app.py:184] Giá trị của uv5 đã thay đổi từ 0 thành 1 với status: start
2024-11-15 17:05:00,270 - CRITICAL - [in /home/erpfarm/workspace/farm-iot/app.py:195] event_data = {'idchip': 'PLC_LOGO_1', 'ip': '10.16.40.151', 'version': '123', 'name': 'uv5', 'status': 'start'}
2024-11-15 17:05:01,768 - CRITICAL - [in /home/erpfarm/workspace/farm-iot/data_processor.py:82] 
 Dữ liệu process_data: {'mac_address': 'GF_TN4_CAMERA6', 'action_name': 'start', 'timer': '30'}
 Mã trạng thái HTTP server: 200, Phản hồi từ server: 202
2024-11-15 17:05:04,117 - CRITICAL - [in /home/erpfarm/workspace/farm-iot/data_processor.py:82] 
 Dữ liệu process_data: {'mac_address': 'GF_TN4_CAMERA6', 'action_name': 'start', 'timer': '30'}
 Mã trạng thái HTTP server: 200, Phản hồi từ server: 202
2024-11-15 17:05:05,274 - CRITICAL - [in /home/erpfarm/workspace/farm-iot/app.py:184] Giá trị của uv5 đã thay đổi từ 0 thành 1 với status: start
2024-11-15 17:05:05,274 - CRITICAL - [in /home/erpfarm/workspace/farm-iot/app.py:195] event_data = {'idchip': 'PLC_LOGO_1', 'ip': '10.16.40.151', 'version': '123', 'name': 'uv5', 'status': 'start'}
2024-11-15 17:05:06,772 - CRITICAL - [in /home/erpfarm/workspace/farm-iot/data_processor.py:82] 
 Dữ liệu process_data: {'mac_address': 'GF_TN4_CAMERA5', 'action_name': 'start', 'timer': '30'}
 Mã trạng thái HTTP server: 200, Phản hồi từ server: 202
2024-11-15 17:05:08,807 - CRITICAL - [in /home/erpfarm/workspace/farm-iot/data_processor.py:82] 
 Dữ liệu process_data: {'mac_address': 'GF_TN4_CAMERA5', 'action_name': 'start', 'timer': '30'}
 Mã trạng thái HTTP server: 200, Phản hồi từ server: 200
2024-11-15 17:05:09,303 - CRITICAL - [in /home/erpfarm/workspace/farm-iot/data_processor.py:82] 
 Dữ liệu process_data: {'mac_address': 'GF_TN4_CAMERA5', 'action_name': 'start', 'timer': '30'}
 Mã trạng thái HTTP server: 200, Phản hồi từ server: 202
2024-11-15 17:05:11,083 - CRITICAL - [in /home/erpfarm/workspace/farm-iot/data_processor.py:82] 
 Dữ liệu process_data: {'mac_address': 'GF_TN4_CAMERA5', 'action_name': 'start', 'timer': '30'}
 Mã trạng thái HTTP server: 200, Phản hồi từ server: 202
2024-11-15 17:05:11,564 - CRITICAL - [in /home/erpfarm/workspace/farm-iot/data_processor.py:82] 
 Dữ liệu process_data: {'mac_address': 'GF_TN4_CAMERA5', 'action_name': 'start', 'timer': '30'}
 Mã trạng thái HTTP server: 200, Phản hồi từ server: 202
2024-11-15 17:05:13,354 - CRITICAL - [in /home/erpfarm/workspace/farm-iot/data_processor.py:82] 
 Dữ liệu process_data: {'mac_address': 'GF_TN4_CAMERA5', 'action_name': 'start', 'timer': '30'}
 Mã trạng thái HTTP server: 200, Phản hồi từ server: 202
2024-11-15 17:20:00,267 - CRITICAL - [in /home/erpfarm/workspace/farm-iot/app.py:184] Giá trị của uv5 đã thay đổi từ 1 thành 0 với status: end
2024-11-15 17:20:00,267 - CRITICAL - [in /home/erpfarm/workspace/farm-iot/app.py:195] event_data = {'idchip': 'PLC_LOGO_1', 'ip': '10.16.40.151', 'version': '123', 'name': 'uv5', 'status': 'end'}
2024-11-15 17:20:03,810 - CRITICAL - [in /home/erpfarm/workspace/farm-iot/data_processor.py:82] 
 Dữ liệu process_data: {'mac_address': 'GF_TN4_CAMERA5', 'action_name': 'end', 'timer': '30'}
 Mã trạng thái HTTP server: 200, Phản hồi từ server: 200
2024-11-15 17:20:05,264 - CRITICAL - [in /home/erpfarm/workspace/farm-iot/app.py:184] Giá trị của uv5 đã thay đổi từ 1 thành 0 với status: end
2024-11-15 17:20:05,264 - CRITICAL - [in /home/erpfarm/workspace/farm-iot/app.py:195] event_data = {'idchip': 'PLC_LOGO_1', 'ip': '10.16.40.151', 'version': '123', 'name': 'uv5', 'status': 'end'}
2024-11-15 17:20:06,068 - CRITICAL - [in /home/erpfarm/workspace/farm-iot/data_processor.py:82] 
 Dữ liệu process_data: {'mac_address': 'GF_TN4_CAMERA5', 'action_name': 'end', 'timer': '30'}
 Mã trạng thái HTTP server: 200, Phản hồi từ server: 201
2024-11-15 17:20:07,629 - CRITICAL - [in /home/erpfarm/workspace/farm-iot/data_processor.py:82] 
 Dữ liệu process_data: {'mac_address': 'GF_TN4_CAMERA5', 'action_name': 'end', 'timer': '30'}
 Mã trạng thái HTTP server: 200, Phản hồi từ server: 201
2024-11-15 17:20:08,333 - CRITICAL - [in /home/erpfarm/workspace/farm-iot/data_processor.py:82] 
 Dữ liệu process_data: {'mac_address': 'GF_TN4_CAMERA5', 'action_name': 'end', 'timer': '30'}
 Mã trạng thái HTTP server: 200, Phản hồi từ server: 201
2024-11-15 17:20:09,883 - CRITICAL - [in /home/erpfarm/workspace/farm-iot/data_processor.py:82] 
 Dữ liệu process_data: {'mac_address': 'GF_TN4_CAMERA5', 'action_name': 'end', 'timer': '30'}
 Mã trạng thái HTTP server: 200, Phản hồi từ server: 201
2024-11-15 17:34:50,261 - CRITICAL - [in /home/erpfarm/workspace/farm-iot/app.py:184] Giá trị của uv6 đã thay đổi từ 1 thành 0 với status: end
2024-11-15 17:34:50,262 - CRITICAL - [in /home/erpfarm/workspace/farm-iot/app.py:195] event_data = {'idchip': 'PLC_LOGO_1', 'ip': '10.16.40.151', 'version': '123', 'name': 'uv6', 'status': 'end'}
2024-11-15 17:34:53,691 - CRITICAL - [in /home/erpfarm/workspace/farm-iot/data_processor.py:82] 
 Dữ liệu process_data: {'mac_address': 'GF_TN4_CAMERA6', 'action_name': 'end', 'timer': '30'}
 Mã trạng thái HTTP server: 200, Phản hồi từ server: 200
2024-11-15 17:34:55,261 - CRITICAL - [in /home/erpfarm/workspace/farm-iot/app.py:184] Giá trị của uv6 đã thay đổi từ 1 thành 0 với status: end
2024-11-15 17:34:55,261 - CRITICAL - [in /home/erpfarm/workspace/farm-iot/app.py:195] event_data = {'idchip': 'PLC_LOGO_1', 'ip': '10.16.40.151', 'version': '123', 'name': 'uv6', 'status': 'end'}
2024-11-15 17:34:56,114 - CRITICAL - [in /home/erpfarm/workspace/farm-iot/data_processor.py:82] 
 Dữ liệu process_data: {'mac_address': 'GF_TN4_CAMERA6', 'action_name': 'end', 'timer': '30'}
 Mã trạng thái HTTP server: 200, Phản hồi từ server: 201
2024-11-15 17:34:56,579 - CRITICAL - [in /home/erpfarm/workspace/farm-iot/data_processor.py:82] 
 Dữ liệu process_data: {'mac_address': 'GF_TN4_CAMERA6', 'action_name': 'end', 'timer': '30'}
 Mã trạng thái HTTP server: 200, Phản hồi từ server: 201
2024-11-15 17:34:58,447 - CRITICAL - [in /home/erpfarm/workspace/farm-iot/data_processor.py:82] 
 Dữ liệu process_data: {'mac_address': 'GF_TN4_CAMERA6', 'action_name': 'end', 'timer': '30'}
 Mã trạng thái HTTP server: 200, Phản hồi từ server: 201
2024-11-15 17:34:58,949 - CRITICAL - [in /home/erpfarm/workspace/farm-iot/data_processor.py:82] 
 Dữ liệu process_data: {'mac_address': 'GF_TN4_CAMERA6', 'action_name': 'end', 'timer': '30'}
 Mã trạng thái HTTP server: 200, Phản hồi từ server: 201
2024-11-15 17:35:01,336 - CRITICAL - [in /home/erpfarm/workspace/farm-iot/data_processor.py:82] 
 Dữ liệu process_data: {'mac_address': 'GF_TN4_CAMERA6', 'action_name': 'end', 'timer': '30'}
 Mã trạng thái HTTP server: 200, Phản hồi từ server: 201
2024-11-15 18:16:05,242 - CRITICAL - [in /home/erpfarm/workspace/farm-iot/app.py:184] Giá trị của uv5 đã thay đổi từ 0 thành 1 với status: start
2024-11-15 18:16:05,244 - CRITICAL - [in /home/erpfarm/workspace/farm-iot/app.py:195] event_data = {'idchip': 'PLC_LOGO_1', 'ip': '10.16.40.151', 'version': '123', 'name': 'uv5', 'status': 'start'}
2024-11-15 18:16:10,242 - CRITICAL - [in /home/erpfarm/workspace/farm-iot/app.py:184] Giá trị của uv5 đã thay đổi từ 0 thành 1 với status: start
2024-11-15 18:16:10,243 - CRITICAL - [in /home/erpfarm/workspace/farm-iot/app.py:195] event_data = {'idchip': 'PLC_LOGO_1', 'ip': '10.16.40.151', 'version': '123', 'name': 'uv5', 'status': 'start'}
2024-11-15 18:16:10,935 - CRITICAL - [in /home/erpfarm/workspace/farm-iot/data_processor.py:82] 
 Dữ liệu process_data: {'mac_address': 'GF_TN4_CAMERA5', 'action_name': 'start', 'timer': '30'}
 Mã trạng thái HTTP server: 200, Phản hồi từ server: 200
2024-11-15 18:16:11,211 - CRITICAL - [in /home/erpfarm/workspace/farm-iot/data_processor.py:82] 
 Dữ liệu process_data: {'mac_address': 'GF_TN4_CAMERA5', 'action_name': 'start', 'timer': '30'}
 Mã trạng thái HTTP server: 200, Phản hồi từ server: 202
2024-11-15 18:16:13,196 - CRITICAL - [in /home/erpfarm/workspace/farm-iot/data_processor.py:82] 
 Dữ liệu process_data: {'mac_address': 'GF_TN4_CAMERA5', 'action_name': 'start', 'timer': '30'}
 Mã trạng thái HTTP server: 200, Phản hồi từ server: 202
2024-11-15 18:16:13,567 - CRITICAL - [in /home/erpfarm/workspace/farm-iot/data_processor.py:82] 
 Dữ liệu process_data: {'mac_address': 'GF_TN4_CAMERA5', 'action_name': 'start', 'timer': '30'}
 Mã trạng thái HTTP server: 200, Phản hồi từ server: 202
2024-11-15 18:16:15,474 - CRITICAL - [in /home/erpfarm/workspace/farm-iot/data_processor.py:82] 
 Dữ liệu process_data: {'mac_address': 'GF_TN4_CAMERA5', 'action_name': 'start', 'timer': '30'}
 Mã trạng thái HTTP server: 200, Phản hồi từ server: 202
2024-11-15 18:16:15,956 - CRITICAL - [in /home/erpfarm/workspace/farm-iot/data_processor.py:82] 
 Dữ liệu process_data: {'mac_address': 'GF_TN4_CAMERA5', 'action_name': 'start', 'timer': '30'}
 Mã trạng thái HTTP server: 200, Phản hồi từ server: 202
2024-11-15 18:16:48,927 - ERROR - [in /home/erpfarm/workspace/farm-iot/app.py:667] 181134ab4c24
2024-11-15 18:16:52,354 - CRITICAL - [in /home/erpfarm/workspace/farm-iot/data_processor.py:82] 
 Dữ liệu process_data: {'mac_address': 'GF_TN4_2_CAMERA3', 'action_name': 'end', 'timer': '86'}
 Mã trạng thái HTTP server: 200, Phản hồi từ server: 200
2024-11-15 18:16:54,560 - CRITICAL - [in /home/erpfarm/workspace/farm-iot/data_processor.py:82] 
 Dữ liệu process_data: {'mac_address': 'GF_TN4_2_CAMERA3', 'action_name': 'end', 'timer': '86'}
 Mã trạng thái HTTP server: 200, Phản hồi từ server: 201
2024-11-15 18:16:56,799 - CRITICAL - [in /home/erpfarm/workspace/farm-iot/data_processor.py:82] 
 Dữ liệu process_data: {'mac_address': 'GF_TN4_2_CAMERA3', 'action_name': 'end', 'timer': '86'}
 Mã trạng thái HTTP server: 200, Phản hồi từ server: 201
2024-11-15 18:17:33,265 - CRITICAL - [in /home/erpfarm/workspace/farm-iot/app.py:184] Giá trị của uv3 đã thay đổi từ 1 thành 0 với status: end
2024-11-15 18:17:33,266 - CRITICAL - [in /home/erpfarm/workspace/farm-iot/app.py:195] event_data = {'idchip': 'PLC_LOGO_1', 'ip': '10.16.40.151', 'version': '123', 'name': 'uv3', 'status': 'end'}
2024-11-15 18:17:37,523 - CRITICAL - [in /home/erpfarm/workspace/farm-iot/data_processor.py:82] 
 Dữ liệu process_data: {'mac_address': 'GF_TN4_CAMERA1', 'action_name': 'end', 'timer': '87'}
 Mã trạng thái HTTP server: 200, Phản hồi từ server: 200
2024-11-15 18:17:39,242 - CRITICAL - [in /home/erpfarm/workspace/farm-iot/app.py:184] Giá trị của uv3 đã thay đổi từ 1 thành 0 với status: end
2024-11-15 18:17:39,243 - CRITICAL - [in /home/erpfarm/workspace/farm-iot/app.py:195] event_data = {'idchip': 'PLC_LOGO_1', 'ip': '10.16.40.151', 'version': '123', 'name': 'uv3', 'status': 'end'}
2024-11-15 18:17:39,719 - CRITICAL - [in /home/erpfarm/workspace/farm-iot/data_processor.py:82] 
 Dữ liệu process_data: {'mac_address': 'GF_TN4_CAMERA1', 'action_name': 'end', 'timer': '87'}
 Mã trạng thái HTTP server: 200, Phản hồi từ server: 201
2024-11-15 18:17:42,027 - CRITICAL - [in /home/erpfarm/workspace/farm-iot/data_processor.py:82] 
 Dữ liệu process_data: {'mac_address': 'GF_TN4_CAMERA1', 'action_name': 'end', 'timer': '87'}
 Mã trạng thái HTTP server: 200, Phản hồi từ server: 201
2024-11-15 18:17:44,272 - CRITICAL - [in /home/erpfarm/workspace/farm-iot/data_processor.py:82] 
 Dữ liệu process_data: {'mac_address': 'GF_TN4_CAMERA1', 'action_name': 'end', 'timer': '87'}
 Mã trạng thái HTTP server: 200, Phản hồi từ server: 201
2024-11-15 18:17:46,542 - CRITICAL - [in /home/erpfarm/workspace/farm-iot/data_processor.py:82] 
 Dữ liệu process_data: {'mac_address': 'GF_TN4_CAMERA1', 'action_name': 'end', 'timer': '87'}
 Mã trạng thái HTTP server: 200, Phản hồi từ server: 201
2024-11-15 18:20:17,524 - ERROR - [in /home/erpfarm/workspace/farm-iot/app.py:667] 181134ab4c24
2024-11-15 18:20:20,919 - CRITICAL - [in /home/erpfarm/workspace/farm-iot/data_processor.py:82] 
 Dữ liệu process_data: {'mac_address': 'GF_TN4_2_CAMERA1', 'action_name': 'end', 'timer': '86'}
 Mã trạng thái HTTP server: 200, Phản hồi từ server: 200
2024-11-15 18:20:23,269 - CRITICAL - [in /home/erpfarm/workspace/farm-iot/data_processor.py:82] 
 Dữ liệu process_data: {'mac_address': 'GF_TN4_2_CAMERA1', 'action_name': 'end', 'timer': '86'}
 Mã trạng thái HTTP server: 200, Phản hồi từ server: 201
2024-11-15 18:20:25,492 - CRITICAL - [in /home/erpfarm/workspace/farm-iot/data_processor.py:82] 
 Dữ liệu process_data: {'mac_address': 'GF_TN4_2_CAMERA1', 'action_name': 'end', 'timer': '86'}
 Mã trạng thái HTTP server: 200, Phản hồi từ server: 201
2024-11-15 18:28:38,237 - CRITICAL - [in /home/erpfarm/workspace/farm-iot/app.py:184] Giá trị của uv4 đã thay đổi từ 1 thành 0 với status: end
2024-11-15 18:28:38,238 - CRITICAL - [in /home/erpfarm/workspace/farm-iot/app.py:195] event_data = {'idchip': 'PLC_LOGO_1', 'ip': '10.16.40.151', 'version': '123', 'name': 'uv4', 'status': 'end'}
2024-11-15 18:28:42,045 - CRITICAL - [in /home/erpfarm/workspace/farm-iot/data_processor.py:82] 
 Dữ liệu process_data: {'mac_address': 'GF_TN4_CAMERA3', 'action_name': 'end', 'timer': '87'}
 Mã trạng thái HTTP server: 200, Phản hồi từ server: 200
2024-11-15 18:28:43,239 - CRITICAL - [in /home/erpfarm/workspace/farm-iot/app.py:184] Giá trị của uv4 đã thay đổi từ 1 thành 0 với status: end
2024-11-15 18:28:43,241 - CRITICAL - [in /home/erpfarm/workspace/farm-iot/app.py:195] event_data = {'idchip': 'PLC_LOGO_1', 'ip': '10.16.40.151', 'version': '123', 'name': 'uv4', 'status': 'end'}
2024-11-15 18:28:44,332 - CRITICAL - [in /home/erpfarm/workspace/farm-iot/data_processor.py:82] 
 Dữ liệu process_data: {'mac_address': 'GF_TN4_CAMERA3', 'action_name': 'end', 'timer': '87'}
 Mã trạng thái HTTP server: 200, Phản hồi từ server: 201
2024-11-15 18:28:44,633 - CRITICAL - [in /home/erpfarm/workspace/farm-iot/data_processor.py:82] 
 Dữ liệu process_data: {'mac_address': 'GF_TN4_CAMERA3', 'action_name': 'end', 'timer': '87'}
 Mã trạng thái HTTP server: 200, Phản hồi từ server: 201
2024-11-15 18:28:46,604 - CRITICAL - [in /home/erpfarm/workspace/farm-iot/data_processor.py:82] 
 Dữ liệu process_data: {'mac_address': 'GF_TN4_CAMERA3', 'action_name': 'end', 'timer': '87'}
 Mã trạng thái HTTP server: 200, Phản hồi từ server: 201
2024-11-15 18:28:46,889 - CRITICAL - [in /home/erpfarm/workspace/farm-iot/data_processor.py:82] 
 Dữ liệu process_data: {'mac_address': 'GF_TN4_CAMERA3', 'action_name': 'end', 'timer': '87'}
 Mã trạng thái HTTP server: 200, Phản hồi từ server: 201
2024-11-15 18:28:49,170 - CRITICAL - [in /home/erpfarm/workspace/farm-iot/data_processor.py:82] 
 Dữ liệu process_data: {'mac_address': 'GF_TN4_CAMERA3', 'action_name': 'end', 'timer': '87'}
 Mã trạng thái HTTP server: 200, Phản hồi từ server: 201
2024-11-15 18:29:12,564 - ERROR - [in /home/erpfarm/workspace/farm-iot/app.py:667] 181134ab4c24
2024-11-15 18:29:16,027 - CRITICAL - [in /home/erpfarm/workspace/farm-iot/data_processor.py:82] 
 Dữ liệu process_data: {'mac_address': 'GF_TN4_2_CAMERA1', 'action_name': 'start', 'timer': '86'}
 Mã trạng thái HTTP server: 200, Phản hồi từ server: 200
2024-11-15 18:29:18,303 - CRITICAL - [in /home/erpfarm/workspace/farm-iot/data_processor.py:82] 
 Dữ liệu process_data: {'mac_address': 'GF_TN4_2_CAMERA1', 'action_name': 'start', 'timer': '86'}
 Mã trạng thái HTTP server: 200, Phản hồi từ server: 202
2024-11-15 18:29:20,569 - CRITICAL - [in /home/erpfarm/workspace/farm-iot/data_processor.py:82] 
 Dữ liệu process_data: {'mac_address': 'GF_TN4_2_CAMERA1', 'action_name': 'start', 'timer': '86'}
 Mã trạng thái HTTP server: 200, Phản hồi từ server: 202
2024-11-15 18:33:08,233 - CRITICAL - [in /home/erpfarm/workspace/farm-iot/app.py:184] Giá trị của uv3 đã thay đổi từ 0 thành 1 với status: start
2024-11-15 18:33:08,233 - CRITICAL - [in /home/erpfarm/workspace/farm-iot/app.py:195] event_data = {'idchip': 'PLC_LOGO_1', 'ip': '10.16.40.151', 'version': '123', 'name': 'uv3', 'status': 'start'}
2024-11-15 18:33:11,670 - CRITICAL - [in /home/erpfarm/workspace/farm-iot/data_processor.py:82] 
 Dữ liệu process_data: {'mac_address': 'GF_TN4_CAMERA1', 'action_name': 'start', 'timer': '87'}
 Mã trạng thái HTTP server: 200, Phản hồi từ server: 200
2024-11-15 18:33:13,236 - CRITICAL - [in /home/erpfarm/workspace/farm-iot/app.py:184] Giá trị của uv3 đã thay đổi từ 0 thành 1 với status: start
2024-11-15 18:33:13,236 - CRITICAL - [in /home/erpfarm/workspace/farm-iot/app.py:195] event_data = {'idchip': 'PLC_LOGO_1', 'ip': '10.16.40.151', 'version': '123', 'name': 'uv3', 'status': 'start'}
2024-11-15 18:33:13,918 - CRITICAL - [in /home/erpfarm/workspace/farm-iot/data_processor.py:82] 
 Dữ liệu process_data: {'mac_address': 'GF_TN4_CAMERA1', 'action_name': 'start', 'timer': '87'}
 Mã trạng thái HTTP server: 200, Phản hồi từ server: 202
2024-11-15 18:33:14,614 - CRITICAL - [in /home/erpfarm/workspace/farm-iot/data_processor.py:82] 
 Dữ liệu process_data: {'mac_address': 'GF_TN4_CAMERA1', 'action_name': 'start', 'timer': '87'}
 Mã trạng thái HTTP server: 200, Phản hồi từ server: 202
2024-11-15 18:33:16,172 - CRITICAL - [in /home/erpfarm/workspace/farm-iot/data_processor.py:82] 
 Dữ liệu process_data: {'mac_address': 'GF_TN4_CAMERA1', 'action_name': 'start', 'timer': '87'}
 Mã trạng thái HTTP server: 200, Phản hồi từ server: 202
2024-11-15 18:33:17,167 - CRITICAL - [in /home/erpfarm/workspace/farm-iot/data_processor.py:82] 
 Dữ liệu process_data: {'mac_address': 'GF_TN4_CAMERA1', 'action_name': 'start', 'timer': '87'}
 Mã trạng thái HTTP server: 200, Phản hồi từ server: 202
2024-11-15 18:33:19,541 - CRITICAL - [in /home/erpfarm/workspace/farm-iot/data_processor.py:82] 
 Dữ liệu process_data: {'mac_address': 'GF_TN4_CAMERA1', 'action_name': 'start', 'timer': '87'}
 Mã trạng thái HTTP server: 200, Phản hồi từ server: 202
2024-11-15 18:46:05,226 - CRITICAL - [in /home/erpfarm/workspace/farm-iot/app.py:184] Giá trị của uv5 đã thay đổi từ 1 thành 0 với status: end
2024-11-15 18:46:05,227 - CRITICAL - [in /home/erpfarm/workspace/farm-iot/app.py:195] event_data = {'idchip': 'PLC_LOGO_1', 'ip': '10.16.40.151', 'version': '123', 'name': 'uv5', 'status': 'end'}
2024-11-15 18:46:08,915 - CRITICAL - [in /home/erpfarm/workspace/farm-iot/data_processor.py:82] 
 Dữ liệu process_data: {'mac_address': 'GF_TN4_CAMERA5', 'action_name': 'end', 'timer': '30'}
 Mã trạng thái HTTP server: 200, Phản hồi từ server: 200
2024-11-15 18:46:10,228 - CRITICAL - [in /home/erpfarm/workspace/farm-iot/app.py:184] Giá trị của uv5 đã thay đổi từ 1 thành 0 với status: end
2024-11-15 18:46:10,228 - CRITICAL - [in /home/erpfarm/workspace/farm-iot/app.py:195] event_data = {'idchip': 'PLC_LOGO_1', 'ip': '10.16.40.151', 'version': '123', 'name': 'uv5', 'status': 'end'}
2024-11-15 18:46:11,188 - CRITICAL - [in /home/erpfarm/workspace/farm-iot/data_processor.py:82] 
 Dữ liệu process_data: {'mac_address': 'GF_TN4_CAMERA5', 'action_name': 'end', 'timer': '30'}
 Mã trạng thái HTTP server: 200, Phản hồi từ server: 201
2024-11-15 18:46:11,587 - CRITICAL - [in /home/erpfarm/workspace/farm-iot/data_processor.py:82] 
 Dữ liệu process_data: {'mac_address': 'GF_TN4_CAMERA5', 'action_name': 'end', 'timer': '30'}
 Mã trạng thái HTTP server: 200, Phản hồi từ server: 201
2024-11-15 18:46:13,411 - CRITICAL - [in /home/erpfarm/workspace/farm-iot/data_processor.py:82] 
 Dữ liệu process_data: {'mac_address': 'GF_TN4_CAMERA5', 'action_name': 'end', 'timer': '30'}
 Mã trạng thái HTTP server: 200, Phản hồi từ server: 201
2024-11-15 18:46:13,835 - CRITICAL - [in /home/erpfarm/workspace/farm-iot/data_processor.py:82] 
 Dữ liệu process_data: {'mac_address': 'GF_TN4_CAMERA5', 'action_name': 'end', 'timer': '30'}
 Mã trạng thái HTTP server: 200, Phản hồi từ server: 201
2024-11-15 18:46:16,113 - CRITICAL - [in /home/erpfarm/workspace/farm-iot/data_processor.py:82] 
 Dữ liệu process_data: {'mac_address': 'GF_TN4_CAMERA5', 'action_name': 'end', 'timer': '30'}
 Mã trạng thái HTTP server: 200, Phản hồi từ server: 201
2024-11-15 18:58:08,550 - INFO - [in /home/erpfarm/workspace/farm-iot/app.py:48] Start: GF-CICO
2024-11-15 18:58:08,551 - INFO - [in /home/erpfarm/workspace/farm-iot/app.py:61] Danh sách các cơ sở dữ liệu:
2024-11-15 18:58:08,555 - INFO - [in /home/erpfarm/workspace/farm-iot/app.py:62] [{'name': '_internal'}, {'name': 'cico_iot'}]
2024-11-15 18:58:08,992 - INFO - [in /home/erpfarm/workspace/farm-iot/app.py:48] Start: GF-CICO
2024-11-15 18:58:08,993 - INFO - [in /home/erpfarm/workspace/farm-iot/app.py:61] Danh sách các cơ sở dữ liệu:
2024-11-15 18:58:08,997 - INFO - [in /home/erpfarm/workspace/farm-iot/app.py:62] [{'name': '_internal'}, {'name': 'cico_iot'}]
2024-11-15 18:59:58,114 - INFO - [in /home/erpfarm/workspace/farm-iot/app.py:48] Start: GF-CICO
2024-11-15 18:59:58,115 - INFO - [in /home/erpfarm/workspace/farm-iot/app.py:61] Danh sách các cơ sở dữ liệu:
2024-11-15 18:59:58,120 - INFO - [in /home/erpfarm/workspace/farm-iot/app.py:62] [{'name': '_internal'}, {'name': 'cico_iot'}]
2024-11-15 18:59:58,554 - INFO - [in /home/erpfarm/workspace/farm-iot/app.py:48] Start: GF-CICO
2024-11-15 18:59:58,554 - INFO - [in /home/erpfarm/workspace/farm-iot/app.py:61] Danh sách các cơ sở dữ liệu:
2024-11-15 18:59:58,559 - INFO - [in /home/erpfarm/workspace/farm-iot/app.py:62] [{'name': '_internal'}, {'name': 'cico_iot'}]
2024-11-15 19:05:57,369 - INFO - [in /home/erpfarm/workspace/farm-iot/app.py:48] Start: GF-CICO
2024-11-15 19:05:57,370 - INFO - [in /home/erpfarm/workspace/farm-iot/app.py:61] Danh sách các cơ sở dữ liệu:
2024-11-15 19:05:57,374 - INFO - [in /home/erpfarm/workspace/farm-iot/app.py:62] [{'name': '_internal'}, {'name': 'cico_iot'}]
